{"context":"RoutesResolver","level":"info","message":"AppController {/api/v1}:","timestamp":"2026-06-20T11:27:20.056Z"}
{"context":"RouterExplorer","level":"info","message":"Mapped {/api/v1, GET} route","timestamp":"2026-06-20T11:27:20.057Z"}
{"context":"RouterExplorer","level":"info","message":"Mapped {/api/v1/enums, GET} route","timestamp":"2026-06-20T11:27:20.057Z"}
{"context":"RoutesResolver","level":"info","message":"AuthController {/api/v1/auth}:","timestamp":"2026-06-20T11:27:20.058Z"}
{"context":"RouterExplorer","level":"info","message":"Mapped {/api/v1/auth/login, POST} route","timestamp":"2026-06-20T11:27:20.058Z"}
{"context":"RouterExplorer","level":"info","message":"Mapped {/api/v1/auth/otp/request, POST} route","timestamp":"2026-06-20T11:27:20.059Z"}
{"context":"RouterExplorer","level":"info","message":"Mapped {/api/v1/auth/otp/verify, POST} route","timestamp":"2026-06-20T11:27:20.059Z"}
{"context":"RouterExplorer","level":"info","message":"Mapped {/api/v1/auth/password/set, POST} route","timestamp":"2026-06-20T11:27:20.059Z"}
{"context":"RouterExplorer","level":"info","message":"Mapped {/api/v1/auth/profile, GET} route","timestamp":"2026-06-20T11:27:20.059Z"}
{"context":"RoutesResolver","level":"info","message":"UsersController {/api/v1/users}:","timestamp":"2026-06-20T11:27:20.059Z"}
{"context":"RouterExplorer","level":"info","message":"Mapped {/api/v1/users, GET} route","timestamp":"2026-06-20T11:27:20.059Z"}
{"context":"RouterExplorer","level":"info","message":"Mapped {/api/v1/users, POST} route","timestamp":"2026-06-20T11:27:20.060Z"}
{"context":"RouterExplorer","level":"info","message":"Mapped {/api/v1/users/:id, GET} route","timestamp":"2026-06-20T11:27:20.060Z"}
{"context":"RouterExplorer","level":"info","message":"Mapped {/api/v1/users/:id, PATCH} route","timestamp":"2026-06-20T11:27:20.060Z"}
{"context":"RouterExplorer","level":"info","message":"Mapped {/api/v1/users/:id, DELETE} route","timestamp":"2026-06-20T11:27:20.060Z"}
{"context":"RoutesResolver","level":"info","message":"OrganisationsController {/api/v1/organisations}:","timestamp":"2026-06-20T11:27:20.060Z"}
{"context":"RouterExplorer","level":"info","message":"Mapped {/api/v1/organisations/public/:slug, GET} route","timestamp":"2026-06-20T11:27:20.061Z"}
{"context":"RouterExplorer","level":"info","message":"Mapped {/api/v1/organisations, GET} route","timestamp":"2026-06-20T11:27:20.061Z"}
{"context":"RouterExplorer","level":"info","message":"Mapped {/api/v1/organisations, POST} route","timestamp":"2026-06-20T11:27:20.062Z"}
{"context":"RouterExplorer","level":"info","message":"Mapped {/api/v1/organisations/:id, GET} route","timestamp":"2026-06-20T11:27:20.063Z"}
{"context":"RouterExplorer","level":"info","message":"Mapped {/api/v1/organisations/:id, PATCH} route","timestamp":"2026-06-20T11:27:20.063Z"}
{"context":"RouterExplorer","level":"info","message":"Mapped {/api/v1/organisations/:id, DELETE} route","timestamp":"2026-06-20T11:27:20.063Z"}
{"context":"RoutesResolver","level":"info","message":"DishesController {/api/v1/dishes}:","timestamp":"2026-06-20T11:27:20.063Z"}
{"context":"RouterExplorer","level":"info","message":"Mapped {/api/v1/dishes, GET} route","timestamp":"2026-06-20T11:27:20.063Z"}
{"context":"RouterExplorer","level":"info","message":"Mapped {/api/v1/dishes, POST} route","timestamp":"2026-06-20T11:27:20.063Z"}
{"context":"RouterExplorer","level":"info","message":"Mapped {/api/v1/dishes/:id, GET} route","timestamp":"2026-06-20T11:27:20.063Z"}
{"context":"RoutesResolver","level":"info","message":"MenusController {/api/v1/menus}:","timestamp":"2026-06-20T11:27:20.063Z"}
{"context":"RouterExplorer","level":"info","message":"Mapped {/api/v1/menus/public/:organisationId, GET} route","timestamp":"2026-06-20T11:27:20.064Z"}
{"context":"RouterExplorer","level":"info","message":"Mapped {/api/v1/menus/daily, GET} route","timestamp":"2026-06-20T11:27:20.064Z"}
{"context":"RouterExplorer","level":"info","message":"Mapped {/api/v1/menus, GET} route","timestamp":"2026-06-20T11:27:20.064Z"}
{"context":"RouterExplorer","level":"info","message":"Mapped {/api/v1/menus/:id, GET} route","timestamp":"2026-06-20T11:27:20.064Z"}
{"context":"RouterExplorer","level":"info","message":"Mapped {/api/v1/menus, POST} route","timestamp":"2026-06-20T11:27:20.064Z"}
{"context":"RouterExplorer","level":"info","message":"Mapped {/api/v1/menus/:id, PUT} route","timestamp":"2026-06-20T11:27:20.064Z"}
{"context":"RouterExplorer","level":"info","message":"Mapped {/api/v1/menus/:id/publish, PATCH} route","timestamp":"2026-06-20T11:27:20.064Z"}
{"context":"RouterExplorer","level":"info","message":"Mapped {/api/v1/menus/:id, DELETE} route","timestamp":"2026-06-20T11:27:20.064Z"}
{"context":"RoutesResolver","level":"info","message":"OrdersController {/api/v1/orders}:","timestamp":"2026-06-20T11:27:20.064Z"}
{"context":"RouterExplorer","level":"info","message":"Mapped {/api/v1/orders, GET} route","timestamp":"2026-06-20T11:27:20.064Z"}
{"context":"RouterExplorer","level":"info","message":"Mapped {/api/v1/orders/stats/:organisationId, GET} route","timestamp":"2026-06-20T11:27:20.064Z"}
{"context":"RouterExplorer","level":"info","message":"Mapped {/api/v1/orders/my-orders, GET} route","timestamp":"2026-06-20T11:27:20.065Z"}
{"context":"RouterExplorer","level":"info","message":"Mapped {/api/v1/orders/:id, GET} route","timestamp":"2026-06-20T11:27:20.065Z"}
{"context":"RouterExplorer","level":"info","message":"Mapped {/api/v1/orders, POST} route","timestamp":"2026-06-20T11:27:20.065Z"}
{"context":"RouterExplorer","level":"info","message":"Mapped {/api/v1/orders/guest, POST} route","timestamp":"2026-06-20T11:27:20.065Z"}
{"context":"RouterExplorer","level":"info","message":"Mapped {/api/v1/orders/:id/status, PATCH} route","timestamp":"2026-06-20T11:27:20.065Z"}
{"context":"RouterExplorer","level":"info","message":"Mapped {/api/v1/orders/:id/status, POST} route","timestamp":"2026-06-20T11:27:20.065Z"}
{"context":"RouterExplorer","level":"info","message":"Mapped {/api/v1/orders/retrieve, POST} route","timestamp":"2026-06-20T11:27:20.065Z"}
{"context":"RoutesResolver","level":"info","message":"PaymentsController {/api/v1/payments}:","timestamp":"2026-06-20T11:27:20.065Z"}
{"context":"RouterExplorer","level":"info","message":"Mapped {/api/v1/payments, GET} route","timestamp":"2026-06-20T11:27:20.065Z"}
{"context":"RouterExplorer","level":"info","message":"Mapped {/api/v1/payments/:id, GET} route","timestamp":"2026-06-20T11:27:20.065Z"}
{"context":"RouterExplorer","level":"info","message":"Mapped {/api/v1/payments, POST} route","timestamp":"2026-06-20T11:27:20.065Z"}
{"context":"RouterExplorer","level":"info","message":"Mapped {/api/v1/payments/webhook, POST} route","timestamp":"2026-06-20T11:27:20.066Z"}
{"context":"RouterExplorer","level":"info","message":"Mapped {/api/v1/payments/:id/refund, PATCH} route","timestamp":"2026-06-20T11:27:20.066Z"}
{"context":"RoutesResolver","level":"info","message":"WalletController {/api/v1/wallet}:","timestamp":"2026-06-20T11:27:20.066Z"}
{"context":"RouterExplorer","level":"info","message":"Mapped {/api/v1/wallet, GET} route","timestamp":"2026-06-20T11:27:20.066Z"}
{"context":"RouterExplorer","level":"info","message":"Mapped {/api/v1/wallet/credit, POST} route","timestamp":"2026-06-20T11:27:20.066Z"}
{"context":"RouterExplorer","level":"info","message":"Mapped {/api/v1/wallet/debit, POST} route","timestamp":"2026-06-20T11:27:20.066Z"}
{"context":"RouterExplorer","level":"info","message":"Mapped {/api/v1/wallet/transactions, GET} route","timestamp":"2026-06-20T11:27:20.066Z"}
{"context":"RoutesResolver","level":"info","message":"NotificationsController {/api/v1/notifications}:","timestamp":"2026-06-20T11:27:20.066Z"}
{"context":"RouterExplorer","level":"info","message":"Mapped {/api/v1/notifications, GET} route","timestamp":"2026-06-20T11:27:20.067Z"}
{"context":"RouterExplorer","level":"info","message":"Mapped {/api/v1/notifications/unread-count, GET} route","timestamp":"2026-06-20T11:27:20.067Z"}
{"context":"RouterExplorer","level":"info","message":"Mapped {/api/v1/notifications/:id, GET} route","timestamp":"2026-06-20T11:27:20.067Z"}
{"context":"RouterExplorer","level":"info","message":"Mapped {/api/v1/notifications, POST} route","timestamp":"2026-06-20T11:27:20.067Z"}
{"context":"RouterExplorer","level":"info","message":"Mapped {/api/v1/notifications/:id/read, PATCH} route","timestamp":"2026-06-20T11:27:20.067Z"}
{"context":"RouterExplorer","level":"info","message":"Mapped {/api/v1/notifications/read-all, PATCH} route","timestamp":"2026-06-20T11:27:20.067Z"}
{"context":"RouterExplorer","level":"info","message":"Mapped {/api/v1/notifications/fcm-token, POST} route","timestamp":"2026-06-20T11:27:20.067Z"}
{"context":"RouterExplorer","level":"info","message":"Mapped {/api/v1/notifications/:id, DELETE} route","timestamp":"2026-06-20T11:27:20.067Z"}
{"context":"RoutesResolver","level":"info","message":"LoyaltyController {/api/v1/loyalty}:","timestamp":"2026-06-20T11:27:20.067Z"}
{"context":"RouterExplorer","level":"info","message":"Mapped {/api/v1/loyalty/points, GET} route","timestamp":"2026-06-20T11:27:20.067Z"}
{"context":"RouterExplorer","level":"info","message":"Mapped {/api/v1/loyalty/history, GET} route","timestamp":"2026-06-20T11:27:20.067Z"}
{"context":"RouterExplorer","level":"info","message":"Mapped {/api/v1/loyalty/leaderboard, GET} route","timestamp":"2026-06-20T11:27:20.067Z"}
{"context":"RouterExplorer","level":"info","message":"Mapped {/api/v1/loyalty/add, POST} route","timestamp":"2026-06-20T11:27:20.068Z"}
{"context":"RouterExplorer","level":"info","message":"Mapped {/api/v1/loyalty/redeem, POST} route","timestamp":"2026-06-20T11:27:20.068Z"}
{"context":"RoutesResolver","level":"info","message":"StorageController {/api/v1/storage}:","timestamp":"2026-06-20T11:27:20.068Z"}
{"context":"RouterExplorer","level":"info","message":"Mapped {/api/v1/storage/upload, POST} route","timestamp":"2026-06-20T11:27:20.068Z"}
{"context":"RoutesResolver","level":"info","message":"SettingsController {/api/v1/settings}:","timestamp":"2026-06-20T11:27:20.068Z"}
{"context":"RouterExplorer","level":"info","message":"Mapped {/api/v1/settings, GET} route","timestamp":"2026-06-20T11:27:20.068Z"}
{"context":"RouterExplorer","level":"info","message":"Mapped {/api/v1/settings, PATCH} route","timestamp":"2026-06-20T11:27:20.068Z"}
{"context":"NestApplication","level":"info","message":"Nest application successfully started","timestamp":"2026-06-20T11:27:20.074Z"}
{"context":"ExceptionFilter","level":"warn","message":"POST /api/v1/auth/login [401] - Warning: {\"message\":\"Email ou mot de passe incorrect\",\"error\":\"Unauthorized\",\"statusCode\":401}","timestamp":"2026-06-20T11:28:05.753Z"}
{"context":"HTTP","level":"info","message":"POST /api/v1/auth/login [200] +187ms","timestamp":"2026-06-20T11:28:16.398Z"}
{"context":"ExceptionFilter","level":"warn","message":"POST /api/v1/auth/login [401] - Warning: {\"message\":\"Email ou mot de passe incorrect\",\"error\":\"Unauthorized\",\"statusCode\":401}","timestamp":"2026-06-20T11:28:22.442Z"}
{"context":"ExceptionFilter","level":"warn","message":"POST /api/v1/auth/login [401] - Warning: {\"message\":\"Email ou mot de passe incorrect\",\"error\":\"Unauthorized\",\"statusCode\":401}","timestamp":"2026-06-20T11:28:28.148Z"}
{"context":"ExceptionFilter","level":"warn","message":"POST /api/v1/auth/login [401] - Warning: {\"message\":\"Email ou mot de passe incorrect\",\"error\":\"Unauthorized\",\"statusCode\":401}","timestamp":"2026-06-20T11:28:33.692Z"}
{"context":"ExceptionFilter","level":"warn","message":"POST /api/v1/auth/login [401] - Warning: {\"message\":\"Email ou mot de passe incorrect\",\"error\":\"Unauthorized\",\"statusCode\":401}","timestamp":"2026-06-20T11:28:37.574Z"}
{"context":"ExceptionFilter","level":"warn","message":"POST /api/v1/auth/login [401] - Warning: {\"message\":\"Email ou mot de passe incorrect\",\"error\":\"Unauthorized\",\"statusCode\":401}","timestamp":"2026-06-20T11:28:50.079Z"}
{"context":"HTTP","level":"info","message":"POST /api/v1/auth/login [200] +189ms","timestamp":"2026-06-20T11:28:52.696Z"}
{"context":"HTTP","level":"info","message":"GET /api/v1/menus?date=2026-06-20 [200] +6ms","timestamp":"2026-06-20T11:28:52.815Z"}
{"context":"HTTP","level":"info","message":"GET /api/v1/menus?date=2026-06-20 [200] +1ms","timestamp":"2026-06-20T11:28:52.830Z"}
{"context":"HTTP","level":"info","message":"GET /api/v1/menus?date=2026-06-20 [200] +5ms","timestamp":"2026-06-20T11:29:14.362Z"}
{"context":"HTTP","level":"info","message":"GET /api/v1/auth/profile [200] +5ms","timestamp":"2026-06-20T11:29:14.364Z"}
{"context":"HTTP","level":"info","message":"GET /api/v1/menus?date=2026-06-20 [200] +1ms","timestamp":"2026-06-20T11:29:15.100Z"}
{"context":"HTTP","level":"info","message":"GET /api/v1/auth/profile [200] +3ms","timestamp":"2026-06-20T11:29:15.102Z"}
{"context":"ExceptionFilter","level":"warn","message":"GET / [404] - Warning: {\"message\":\"Cannot GET /\",\"error\":\"Not Found\",\"statusCode\":404}","timestamp":"2026-06-20T11:36:39.898Z"}
{"context":"ExceptionFilter","level":"warn","message":"GET /favicon.ico [404] - Warning: {\"message\":\"Cannot GET /favicon.ico\",\"error\":\"Not Found\",\"statusCode\":404}","timestamp":"2026-06-20T11:36:39.926Z"}
{"context":"ExceptionFilter","level":"warn","message":"POST //api/v1/auth/login [404] - Warning: {\"message\":\"Cannot POST //api/v1/auth/login\",\"error\":\"Not Found\",\"statusCode\":404}","timestamp":"2026-06-20T11:51:09.497Z"}
{"context":"RoutesResolver","level":"info","message":"AppController {/api/v1}:","timestamp":"2026-06-20T11:56:23.659Z"}
{"context":"RouterExplorer","level":"info","message":"Mapped {/api/v1, GET} route","timestamp":"2026-06-20T11:56:23.660Z"}
{"context":"RouterExplorer","level":"info","message":"Mapped {/api/v1/enums, GET} route","timestamp":"2026-06-20T11:56:23.660Z"}
{"context":"RoutesResolver","level":"info","message":"AuthController {/api/v1/auth}:","timestamp":"2026-06-20T11:56:23.661Z"}
{"context":"RouterExplorer","level":"info","message":"Mapped {/api/v1/auth/login, POST} route","timestamp":"2026-06-20T11:56:23.661Z"}
{"context":"RouterExplorer","level":"info","message":"Mapped {/api/v1/auth/otp/request, POST} route","timestamp":"2026-06-20T11:56:23.661Z"}
{"context":"RouterExplorer","level":"info","message":"Mapped {/api/v1/auth/otp/verify, POST} route","timestamp":"2026-06-20T11:56:23.661Z"}
{"context":"RouterExplorer","level":"info","message":"Mapped {/api/v1/auth/password/set, POST} route","timestamp":"2026-06-20T11:56:23.662Z"}
{"context":"RouterExplorer","level":"info","message":"Mapped {/api/v1/auth/profile, GET} route","timestamp":"2026-06-20T11:56:23.662Z"}
{"context":"RoutesResolver","level":"info","message":"UsersController {/api/v1/users}:","timestamp":"2026-06-20T11:56:23.662Z"}
{"context":"RouterExplorer","level":"info","message":"Mapped {/api/v1/users, GET} route","timestamp":"2026-06-20T11:56:23.662Z"}
{"context":"RouterExplorer","level":"info","message":"Mapped {/api/v1/users, POST} route","timestamp":"2026-06-20T11:56:23.663Z"}
{"context":"RouterExplorer","level":"info","message":"Mapped {/api/v1/users/:id, GET} route","timestamp":"2026-06-20T11:56:23.663Z"}
{"context":"RouterExplorer","level":"info","message":"Mapped {/api/v1/users/:id, PATCH} route","timestamp":"2026-06-20T11:56:23.663Z"}
{"context":"RouterExplorer","level":"info","message":"Mapped {/api/v1/users/:id, DELETE} route","timestamp":"2026-06-20T11:56:23.663Z"}
{"context":"RoutesResolver","level":"info","message":"OrganisationsController {/api/v1/organisations}:","timestamp":"2026-06-20T11:56:23.663Z"}
{"context":"RouterExplorer","level":"info","message":"Mapped {/api/v1/organisations/public/:slug, GET} route","timestamp":"2026-06-20T11:56:23.663Z"}
{"context":"RouterExplorer","level":"info","message":"Mapped {/api/v1/organisations, GET} route","timestamp":"2026-06-20T11:56:23.664Z"}
{"context":"RouterExplorer","level":"info","message":"Mapped {/api/v1/organisations, POST} route","timestamp":"2026-06-20T11:56:23.664Z"}
{"context":"RouterExplorer","level":"info","message":"Mapped {/api/v1/organisations/:id, GET} route","timestamp":"2026-06-20T11:56:23.664Z"}
{"context":"RouterExplorer","level":"info","message":"Mapped {/api/v1/organisations/:id, PATCH} route","timestamp":"2026-06-20T11:56:23.666Z"}
{"context":"RouterExplorer","level":"info","message":"Mapped {/api/v1/organisations/:id, DELETE} route","timestamp":"2026-06-20T11:56:23.666Z"}
{"context":"RoutesResolver","level":"info","message":"DishesController {/api/v1/dishes}:","timestamp":"2026-06-20T11:56:23.666Z"}
{"context":"RouterExplorer","level":"info","message":"Mapped {/api/v1/dishes, GET} route","timestamp":"2026-06-20T11:56:23.666Z"}
{"context":"RouterExplorer","level":"info","message":"Mapped {/api/v1/dishes, POST} route","timestamp":"2026-06-20T11:56:23.666Z"}
{"context":"RouterExplorer","level":"info","message":"Mapped {/api/v1/dishes/:id, GET} route","timestamp":"2026-06-20T11:56:23.666Z"}
{"context":"RoutesResolver","level":"info","message":"MenusController {/api/v1/menus}:","timestamp":"2026-06-20T11:56:23.666Z"}
{"context":"RouterExplorer","level":"info","message":"Mapped {/api/v1/menus/public/:organisationId, GET} route","timestamp":"2026-06-20T11:56:23.666Z"}
{"context":"RouterExplorer","level":"info","message":"Mapped {/api/v1/menus/daily, GET} route","timestamp":"2026-06-20T11:56:23.666Z"}
{"context":"RouterExplorer","level":"info","message":"Mapped {/api/v1/menus, GET} route","timestamp":"2026-06-20T11:56:23.666Z"}
{"context":"RouterExplorer","level":"info","message":"Mapped {/api/v1/menus/:id, GET} route","timestamp":"2026-06-20T11:56:23.666Z"}
{"context":"RouterExplorer","level":"info","message":"Mapped {/api/v1/menus, POST} route","timestamp":"2026-06-20T11:56:23.666Z"}
{"context":"RouterExplorer","level":"info","message":"Mapped {/api/v1/menus/:id, PUT} route","timestamp":"2026-06-20T11:56:23.667Z"}
{"context":"RouterExplorer","level":"info","message":"Mapped {/api/v1/menus/:id/publish, PATCH} route","timestamp":"2026-06-20T11:56:23.667Z"}
{"context":"RouterExplorer","level":"info","message":"Mapped {/api/v1/menus/:id, DELETE} route","timestamp":"2026-06-20T11:56:23.667Z"}
{"context":"RoutesResolver","level":"info","message":"OrdersController {/api/v1/orders}:","timestamp":"2026-06-20T11:56:23.667Z"}
{"context":"RouterExplorer","level":"info","message":"Mapped {/api/v1/orders, GET} route","timestamp":"2026-06-20T11:56:23.667Z"}
{"context":"RouterExplorer","level":"info","message":"Mapped {/api/v1/orders/stats/:organisationId, GET} route","timestamp":"2026-06-20T11:56:23.667Z"}
{"context":"RouterExplorer","level":"info","message":"Mapped {/api/v1/orders/my-orders, GET} route","timestamp":"2026-06-20T11:56:23.667Z"}
{"context":"RouterExplorer","level":"info","message":"Mapped {/api/v1/orders/:id, GET} route","timestamp":"2026-06-20T11:56:23.667Z"}
{"context":"RouterExplorer","level":"info","message":"Mapped {/api/v1/orders, POST} route","timestamp":"2026-06-20T11:56:23.667Z"}
{"context":"RouterExplorer","level":"info","message":"Mapped {/api/v1/orders/guest, POST} route","timestamp":"2026-06-20T11:56:23.667Z"}
{"context":"RouterExplorer","level":"info","message":"Mapped {/api/v1/orders/:id/status, PATCH} route","timestamp":"2026-06-20T11:56:23.667Z"}
{"context":"RouterExplorer","level":"info","message":"Mapped {/api/v1/orders/:id/status, POST} route","timestamp":"2026-06-20T11:56:23.668Z"}
{"context":"RouterExplorer","level":"info","message":"Mapped {/api/v1/orders/retrieve, POST} route","timestamp":"2026-06-20T11:56:23.668Z"}
{"context":"RoutesResolver","level":"info","message":"PaymentsController {/api/v1/payments}:","timestamp":"2026-06-20T11:56:23.668Z"}
{"context":"RouterExplorer","level":"info","message":"Mapped {/api/v1/payments, GET} route","timestamp":"2026-06-20T11:56:23.668Z"}
{"context":"RouterExplorer","level":"info","message":"Mapped {/api/v1/payments/:id, GET} route","timestamp":"2026-06-20T11:56:23.668Z"}
{"context":"RouterExplorer","level":"info","message":"Mapped {/api/v1/payments, POST} route","timestamp":"2026-06-20T11:56:23.668Z"}
{"context":"RouterExplorer","level":"info","message":"Mapped {/api/v1/payments/webhook, POST} route","timestamp":"2026-06-20T11:56:23.668Z"}
{"context":"RouterExplorer","level":"info","message":"Mapped {/api/v1/payments/:id/refund, PATCH} route","timestamp":"2026-06-20T11:56:23.668Z"}
{"context":"RoutesResolver","level":"info","message":"WalletController {/api/v1/wallet}:","timestamp":"2026-06-20T11:56:23.668Z"}
{"context":"RouterExplorer","level":"info","message":"Mapped {/api/v1/wallet, GET} route","timestamp":"2026-06-20T11:56:23.668Z"}
{"context":"RouterExplorer","level":"info","message":"Mapped {/api/v1/wallet/credit, POST} route","timestamp":"2026-06-20T11:56:23.668Z"}
{"context":"RouterExplorer","level":"info","message":"Mapped {/api/v1/wallet/debit, POST} route","timestamp":"2026-06-20T11:56:23.668Z"}
{"context":"RouterExplorer","level":"info","message":"Mapped {/api/v1/wallet/transactions, GET} route","timestamp":"2026-06-20T11:56:23.668Z"}
{"context":"RoutesResolver","level":"info","message":"NotificationsController {/api/v1/notifications}:","timestamp":"2026-06-20T11:56:23.669Z"}
{"context":"RouterExplorer","level":"info","message":"Mapped {/api/v1/notifications, GET} route","timestamp":"2026-06-20T11:56:23.669Z"}
{"context":"RouterExplorer","level":"info","message":"Mapped {/api/v1/notifications/unread-count, GET} route","timestamp":"2026-06-20T11:56:23.669Z"}
{"context":"RouterExplorer","level":"info","message":"Mapped {/api/v1/notifications/:id, GET} route","timestamp":"2026-06-20T11:56:23.669Z"}
{"context":"RouterExplorer","level":"info","message":"Mapped {/api/v1/notifications, POST} route","timestamp":"2026-06-20T11:56:23.669Z"}
{"context":"RouterExplorer","level":"info","message":"Mapped {/api/v1/notifications/:id/read, PATCH} route","timestamp":"2026-06-20T11:56:23.669Z"}
{"context":"RouterExplorer","level":"info","message":"Mapped {/api/v1/notifications/read-all, PATCH} route","timestamp":"2026-06-20T11:56:23.669Z"}
{"context":"RouterExplorer","level":"info","message":"Mapped {/api/v1/notifications/fcm-token, POST} route","timestamp":"2026-06-20T11:56:23.669Z"}
{"context":"RouterExplorer","level":"info","message":"Mapped {/api/v1/notifications/:id, DELETE} route","timestamp":"2026-06-20T11:56:23.669Z"}
{"context":"RoutesResolver","level":"info","message":"LoyaltyController {/api/v1/loyalty}:","timestamp":"2026-06-20T11:56:23.669Z"}
{"context":"RouterExplorer","level":"info","message":"Mapped {/api/v1/loyalty/points, GET} route","timestamp":"2026-06-20T11:56:23.669Z"}
{"context":"RouterExplorer","level":"info","message":"Mapped {/api/v1/loyalty/history, GET} route","timestamp":"2026-06-20T11:56:23.670Z"}
{"context":"RouterExplorer","level":"info","message":"Mapped {/api/v1/loyalty/leaderboard, GET} route","timestamp":"2026-06-20T11:56:23.670Z"}
{"context":"RouterExplorer","level":"info","message":"Mapped {/api/v1/loyalty/add, POST} route","timestamp":"2026-06-20T11:56:23.670Z"}
{"context":"RouterExplorer","level":"info","message":"Mapped {/api/v1/loyalty/redeem, POST} route","timestamp":"2026-06-20T11:56:23.670Z"}
{"context":"RoutesResolver","level":"info","message":"StorageController {/api/v1/storage}:","timestamp":"2026-06-20T11:56:23.670Z"}
{"context":"RouterExplorer","level":"info","message":"Mapped {/api/v1/storage/upload, POST} route","timestamp":"2026-06-20T11:56:23.670Z"}
{"context":"RoutesResolver","level":"info","message":"SettingsController {/api/v1/settings}:","timestamp":"2026-06-20T11:56:23.670Z"}
{"context":"RouterExplorer","level":"info","message":"Mapped {/api/v1/settings, GET} route","timestamp":"2026-06-20T11:56:23.670Z"}
{"context":"RouterExplorer","level":"info","message":"Mapped {/api/v1/settings, PATCH} route","timestamp":"2026-06-20T11:56:23.670Z"}
{"context":"NestApplication","level":"info","message":"Nest application successfully started","timestamp":"2026-06-20T11:56:23.674Z"}
{"context":"ExceptionFilter","level":"warn","message":"GET /api/v1/auth/profile [401] - Warning: {\"message\":\"Token invalide ou expiré\",\"error\":\"Unauthorized\",\"statusCode\":401}","timestamp":"2026-06-20T12:02:30.708Z"}
{"context":"RoutesResolver","level":"info","message":"AppController {/api/v1}:","timestamp":"2026-06-20T12:03:54.761Z"}
{"context":"RouterExplorer","level":"info","message":"Mapped {/api/v1, GET} route","timestamp":"2026-06-20T12:03:54.762Z"}
{"context":"RouterExplorer","level":"info","message":"Mapped {/api/v1/enums, GET} route","timestamp":"2026-06-20T12:03:54.762Z"}
{"context":"RoutesResolver","level":"info","message":"AuthController {/api/v1/auth}:","timestamp":"2026-06-20T12:03:54.762Z"}
{"context":"RouterExplorer","level":"info","message":"Mapped {/api/v1/auth/login, POST} route","timestamp":"2026-06-20T12:03:54.763Z"}
{"context":"RouterExplorer","level":"info","message":"Mapped {/api/v1/auth/otp/request, POST} route","timestamp":"2026-06-20T12:03:54.763Z"}
{"context":"RouterExplorer","level":"info","message":"Mapped {/api/v1/auth/otp/verify, POST} route","timestamp":"2026-06-20T12:03:54.763Z"}
{"context":"RouterExplorer","level":"info","message":"Mapped {/api/v1/auth/password/set, POST} route","timestamp":"2026-06-20T12:03:54.763Z"}
{"context":"RouterExplorer","level":"info","message":"Mapped {/api/v1/auth/profile, GET} route","timestamp":"2026-06-20T12:03:54.764Z"}
{"context":"RoutesResolver","level":"info","message":"UsersController {/api/v1/users}:","timestamp":"2026-06-20T12:03:54.764Z"}
{"context":"RouterExplorer","level":"info","message":"Mapped {/api/v1/users, GET} route","timestamp":"2026-06-20T12:03:54.764Z"}
{"context":"RouterExplorer","level":"info","message":"Mapped {/api/v1/users, POST} route","timestamp":"2026-06-20T12:03:54.765Z"}
{"context":"RouterExplorer","level":"info","message":"Mapped {/api/v1/users/:id, GET} route","timestamp":"2026-06-20T12:03:54.765Z"}
{"context":"RouterExplorer","level":"info","message":"Mapped {/api/v1/users/:id, PATCH} route","timestamp":"2026-06-20T12:03:54.765Z"}
{"context":"RouterExplorer","level":"info","message":"Mapped {/api/v1/users/:id, DELETE} route","timestamp":"2026-06-20T12:03:54.765Z"}
{"context":"RoutesResolver","level":"info","message":"OrganisationsController {/api/v1/organisations}:","timestamp":"2026-06-20T12:03:54.765Z"}
{"context":"RouterExplorer","level":"info","message":"Mapped {/api/v1/organisations/public/:slug, GET} route","timestamp":"2026-06-20T12:03:54.765Z"}
{"context":"RouterExplorer","level":"info","message":"Mapped {/api/v1/organisations, GET} route","timestamp":"2026-06-20T12:03:54.766Z"}
{"context":"RouterExplorer","level":"info","message":"Mapped {/api/v1/organisations, POST} route","timestamp":"2026-06-20T12:03:54.766Z"}
{"context":"RouterExplorer","level":"info","message":"Mapped {/api/v1/organisations/:id, GET} route","timestamp":"2026-06-20T12:03:54.766Z"}
{"context":"RouterExplorer","level":"info","message":"Mapped {/api/v1/organisations/:id, PATCH} route","timestamp":"2026-06-20T12:03:54.766Z"}
{"context":"RouterExplorer","level":"info","message":"Mapped {/api/v1/organisations/:id, DELETE} route","timestamp":"2026-06-20T12:03:54.768Z"}
{"context":"RoutesResolver","level":"info","message":"DishesController {/api/v1/dishes}:","timestamp":"2026-06-20T12:03:54.768Z"}
{"context":"RouterExplorer","level":"info","message":"Mapped {/api/v1/dishes, GET} route","timestamp":"2026-06-20T12:03:54.768Z"}
{"context":"RouterExplorer","level":"info","message":"Mapped {/api/v1/dishes, POST} route","timestamp":"2026-06-20T12:03:54.768Z"}
{"context":"RouterExplorer","level":"info","message":"Mapped {/api/v1/dishes/:id, GET} route","timestamp":"2026-06-20T12:03:54.768Z"}
{"context":"RoutesResolver","level":"info","message":"MenusController {/api/v1/menus}:","timestamp":"2026-06-20T12:03:54.768Z"}
{"context":"RouterExplorer","level":"info","message":"Mapped {/api/v1/menus/public/:organisationId, GET} route","timestamp":"2026-06-20T12:03:54.768Z"}
{"context":"RouterExplorer","level":"info","message":"Mapped {/api/v1/menus/daily, GET} route","timestamp":"2026-06-20T12:03:54.768Z"}
{"context":"RouterExplorer","level":"info","message":"Mapped {/api/v1/menus, GET} route","timestamp":"2026-06-20T12:03:54.769Z"}
{"context":"RouterExplorer","level":"info","message":"Mapped {/api/v1/menus/:id, GET} route","timestamp":"2026-06-20T12:03:54.769Z"}
{"context":"RouterExplorer","level":"info","message":"Mapped {/api/v1/menus, POST} route","timestamp":"2026-06-20T12:03:54.769Z"}
{"context":"RouterExplorer","level":"info","message":"Mapped {/api/v1/menus/:id, PUT} route","timestamp":"2026-06-20T12:03:54.769Z"}
{"context":"RouterExplorer","level":"info","message":"Mapped {/api/v1/menus/:id/publish, PATCH} route","timestamp":"2026-06-20T12:03:54.769Z"}
{"context":"RouterExplorer","level":"info","message":"Mapped {/api/v1/menus/:id, DELETE} route","timestamp":"2026-06-20T12:03:54.769Z"}
{"context":"RoutesResolver","level":"info","message":"OrdersController {/api/v1/orders}:","timestamp":"2026-06-20T12:03:54.769Z"}
{"context":"RouterExplorer","level":"info","message":"Mapped {/api/v1/orders, GET} route","timestamp":"2026-06-20T12:03:54.769Z"}
{"context":"RouterExplorer","level":"info","message":"Mapped {/api/v1/orders/stats/:organisationId, GET} route","timestamp":"2026-06-20T12:03:54.769Z"}
{"context":"RouterExplorer","level":"info","message":"Mapped {/api/v1/orders/my-orders, GET} route","timestamp":"2026-06-20T12:03:54.769Z"}
{"context":"RouterExplorer","level":"info","message":"Mapped {/api/v1/orders/:id, GET} route","timestamp":"2026-06-20T12:03:54.770Z"}
{"context":"RouterExplorer","level":"info","message":"Mapped {/api/v1/orders, POST} route","timestamp":"2026-06-20T12:03:54.770Z"}
{"context":"RouterExplorer","level":"info","message":"Mapped {/api/v1/orders/guest, POST} route","timestamp":"2026-06-20T12:03:54.770Z"}
{"context":"RouterExplorer","level":"info","message":"Mapped {/api/v1/orders/:id/status, PATCH} route","timestamp":"2026-06-20T12:03:54.770Z"}
{"context":"RouterExplorer","level":"info","message":"Mapped {/api/v1/orders/:id/status, POST} route","timestamp":"2026-06-20T12:03:54.770Z"}
{"context":"RouterExplorer","level":"info","message":"Mapped {/api/v1/orders/retrieve, POST} route","timestamp":"2026-06-20T12:03:54.770Z"}
{"context":"RoutesResolver","level":"info","message":"PaymentsController {/api/v1/payments}:","timestamp":"2026-06-20T12:03:54.770Z"}
{"context":"RouterExplorer","level":"info","message":"Mapped {/api/v1/payments, GET} route","timestamp":"2026-06-20T12:03:54.770Z"}
{"context":"RouterExplorer","level":"info","message":"Mapped {/api/v1/payments/:id, GET} route","timestamp":"2026-06-20T12:03:54.770Z"}
{"context":"RouterExplorer","level":"info","message":"Mapped {/api/v1/payments, POST} route","timestamp":"2026-06-20T12:03:54.770Z"}
{"context":"RouterExplorer","level":"info","message":"Mapped {/api/v1/payments/webhook, POST} route","timestamp":"2026-06-20T12:03:54.770Z"}
{"context":"RouterExplorer","level":"info","message":"Mapped {/api/v1/payments/:id/refund, PATCH} route","timestamp":"2026-06-20T12:03:54.771Z"}
{"context":"RoutesResolver","level":"info","message":"WalletController {/api/v1/wallet}:","timestamp":"2026-06-20T12:03:54.771Z"}
{"context":"RouterExplorer","level":"info","message":"Mapped {/api/v1/wallet, GET} route","timestamp":"2026-06-20T12:03:54.771Z"}
{"context":"RouterExplorer","level":"info","message":"Mapped {/api/v1/wallet/credit, POST} route","timestamp":"2026-06-20T12:03:54.771Z"}
{"context":"RouterExplorer","level":"info","message":"Mapped {/api/v1/wallet/debit, POST} route","timestamp":"2026-06-20T12:03:54.771Z"}
{"context":"RouterExplorer","level":"info","message":"Mapped {/api/v1/wallet/transactions, GET} route","timestamp":"2026-06-20T12:03:54.771Z"}
{"context":"RoutesResolver","level":"info","message":"NotificationsController {/api/v1/notifications}:","timestamp":"2026-06-20T12:03:54.771Z"}
{"context":"RouterExplorer","level":"info","message":"Mapped {/api/v1/notifications, GET} route","timestamp":"2026-06-20T12:03:54.771Z"}
{"context":"RouterExplorer","level":"info","message":"Mapped {/api/v1/notifications/unread-count, GET} route","timestamp":"2026-06-20T12:03:54.771Z"}
{"context":"RouterExplorer","level":"info","message":"Mapped {/api/v1/notifications/:id, GET} route","timestamp":"2026-06-20T12:03:54.771Z"}
{"context":"RouterExplorer","level":"info","message":"Mapped {/api/v1/notifications, POST} route","timestamp":"2026-06-20T12:03:54.771Z"}
{"context":"RouterExplorer","level":"info","message":"Mapped {/api/v1/notifications/:id/read, PATCH} route","timestamp":"2026-06-20T12:03:54.771Z"}
{"context":"RouterExplorer","level":"info","message":"Mapped {/api/v1/notifications/read-all, PATCH} route","timestamp":"2026-06-20T12:03:54.772Z"}
{"context":"RouterExplorer","level":"info","message":"Mapped {/api/v1/notifications/fcm-token, POST} route","timestamp":"2026-06-20T12:03:54.772Z"}
{"context":"RouterExplorer","level":"info","message":"Mapped {/api/v1/notifications/:id, DELETE} route","timestamp":"2026-06-20T12:03:54.772Z"}
{"context":"RoutesResolver","level":"info","message":"LoyaltyController {/api/v1/loyalty}:","timestamp":"2026-06-20T12:03:54.772Z"}
{"context":"RouterExplorer","level":"info","message":"Mapped {/api/v1/loyalty/points, GET} route","timestamp":"2026-06-20T12:03:54.772Z"}
{"context":"RouterExplorer","level":"info","message":"Mapped {/api/v1/loyalty/history, GET} route","timestamp":"2026-06-20T12:03:54.772Z"}
{"context":"RouterExplorer","level":"info","message":"Mapped {/api/v1/loyalty/leaderboard, GET} route","timestamp":"2026-06-20T12:03:54.772Z"}
{"context":"RouterExplorer","level":"info","message":"Mapped {/api/v1/loyalty/add, POST} route","timestamp":"2026-06-20T12:03:54.772Z"}
{"context":"RouterExplorer","level":"info","message":"Mapped {/api/v1/loyalty/redeem, POST} route","timestamp":"2026-06-20T12:03:54.772Z"}
{"context":"RoutesResolver","level":"info","message":"StorageController {/api/v1/storage}:","timestamp":"2026-06-20T12:03:54.772Z"}
{"context":"RouterExplorer","level":"info","message":"Mapped {/api/v1/storage/upload, POST} route","timestamp":"2026-06-20T12:03:54.773Z"}
{"context":"RoutesResolver","level":"info","message":"SettingsController {/api/v1/settings}:","timestamp":"2026-06-20T12:03:54.773Z"}
{"context":"RouterExplorer","level":"info","message":"Mapped {/api/v1/settings, GET} route","timestamp":"2026-06-20T12:03:54.773Z"}
{"context":"RouterExplorer","level":"info","message":"Mapped {/api/v1/settings, PATCH} route","timestamp":"2026-06-20T12:03:54.773Z"}
{"context":"NestApplication","level":"info","message":"Nest application successfully started","timestamp":"2026-06-20T12:03:54.776Z"}
{"context":"RoutesResolver","level":"info","message":"AppController {/api/v1}:","timestamp":"2026-06-20T12:04:01.596Z"}
{"context":"RouterExplorer","level":"info","message":"Mapped {/api/v1, GET} route","timestamp":"2026-06-20T12:04:01.597Z"}
{"context":"RouterExplorer","level":"info","message":"Mapped {/api/v1/enums, GET} route","timestamp":"2026-06-20T12:04:01.597Z"}
{"context":"RoutesResolver","level":"info","message":"AuthController {/api/v1/auth}:","timestamp":"2026-06-20T12:04:01.597Z"}
{"context":"RouterExplorer","level":"info","message":"Mapped {/api/v1/auth/login, POST} route","timestamp":"2026-06-20T12:04:01.597Z"}
{"context":"RouterExplorer","level":"info","message":"Mapped {/api/v1/auth/otp/request, POST} route","timestamp":"2026-06-20T12:04:01.598Z"}
{"context":"RouterExplorer","level":"info","message":"Mapped {/api/v1/auth/otp/verify, POST} route","timestamp":"2026-06-20T12:04:01.598Z"}
{"context":"RouterExplorer","level":"info","message":"Mapped {/api/v1/auth/password/set, POST} route","timestamp":"2026-06-20T12:04:01.598Z"}
{"context":"RouterExplorer","level":"info","message":"Mapped {/api/v1/auth/profile, GET} route","timestamp":"2026-06-20T12:04:01.598Z"}
{"context":"RoutesResolver","level":"info","message":"UsersController {/api/v1/users}:","timestamp":"2026-06-20T12:04:01.598Z"}
{"context":"RouterExplorer","level":"info","message":"Mapped {/api/v1/users, GET} route","timestamp":"2026-06-20T12:04:01.599Z"}
{"context":"RouterExplorer","level":"info","message":"Mapped {/api/v1/users, POST} route","timestamp":"2026-06-20T12:04:01.599Z"}
{"context":"RouterExplorer","level":"info","message":"Mapped {/api/v1/users/:id, GET} route","timestamp":"2026-06-20T12:04:01.599Z"}
{"context":"RouterExplorer","level":"info","message":"Mapped {/api/v1/users/:id, PATCH} route","timestamp":"2026-06-20T12:04:01.599Z"}
{"context":"RouterExplorer","level":"info","message":"Mapped {/api/v1/users/:id, DELETE} route","timestamp":"2026-06-20T12:04:01.599Z"}
{"context":"RoutesResolver","level":"info","message":"OrganisationsController {/api/v1/organisations}:","timestamp":"2026-06-20T12:04:01.600Z"}
{"context":"RouterExplorer","level":"info","message":"Mapped {/api/v1/organisations/public/:slug, GET} route","timestamp":"2026-06-20T12:04:01.601Z"}
{"context":"RouterExplorer","level":"info","message":"Mapped {/api/v1/organisations, GET} route","timestamp":"2026-06-20T12:04:01.602Z"}
{"context":"RouterExplorer","level":"info","message":"Mapped {/api/v1/organisations, POST} route","timestamp":"2026-06-20T12:04:01.602Z"}
{"context":"RouterExplorer","level":"info","message":"Mapped {/api/v1/organisations/:id, GET} route","timestamp":"2026-06-20T12:04:01.602Z"}
{"context":"RouterExplorer","level":"info","message":"Mapped {/api/v1/organisations/:id, PATCH} route","timestamp":"2026-06-20T12:04:01.602Z"}
{"context":"RouterExplorer","level":"info","message":"Mapped {/api/v1/organisations/:id, DELETE} route","timestamp":"2026-06-20T12:04:01.602Z"}
{"context":"RoutesResolver","level":"info","message":"DishesController {/api/v1/dishes}:","timestamp":"2026-06-20T12:04:01.602Z"}
{"context":"RouterExplorer","level":"info","message":"Mapped {/api/v1/dishes, GET} route","timestamp":"2026-06-20T12:04:01.602Z"}
{"context":"RouterExplorer","level":"info","message":"Mapped {/api/v1/dishes, POST} route","timestamp":"2026-06-20T12:04:01.602Z"}
{"context":"RouterExplorer","level":"info","message":"Mapped {/api/v1/dishes/:id, GET} route","timestamp":"2026-06-20T12:04:01.602Z"}
{"context":"RoutesResolver","level":"info","message":"MenusController {/api/v1/menus}:","timestamp":"2026-06-20T12:04:01.602Z"}
{"context":"RouterExplorer","level":"info","message":"Mapped {/api/v1/menus/public/:organisationId, GET} route","timestamp":"2026-06-20T12:04:01.603Z"}
{"context":"RouterExplorer","level":"info","message":"Mapped {/api/v1/menus/daily, GET} route","timestamp":"2026-06-20T12:04:01.603Z"}
{"context":"RouterExplorer","level":"info","message":"Mapped {/api/v1/menus, GET} route","timestamp":"2026-06-20T12:04:01.603Z"}
{"context":"RouterExplorer","level":"info","message":"Mapped {/api/v1/menus/:id, GET} route","timestamp":"2026-06-20T12:04:01.603Z"}
{"context":"RouterExplorer","level":"info","message":"Mapped {/api/v1/menus, POST} route","timestamp":"2026-06-20T12:04:01.603Z"}
{"context":"RouterExplorer","level":"info","message":"Mapped {/api/v1/menus/:id, PUT} route","timestamp":"2026-06-20T12:04:01.603Z"}
{"context":"RouterExplorer","level":"info","message":"Mapped {/api/v1/menus/:id/publish, PATCH} route","timestamp":"2026-06-20T12:04:01.603Z"}
{"context":"RouterExplorer","level":"info","message":"Mapped {/api/v1/menus/:id, DELETE} route","timestamp":"2026-06-20T12:04:01.603Z"}
{"context":"RoutesResolver","level":"info","message":"OrdersController {/api/v1/orders}:","timestamp":"2026-06-20T12:04:01.603Z"}
{"context":"RouterExplorer","level":"info","message":"Mapped {/api/v1/orders, GET} route","timestamp":"2026-06-20T12:04:01.603Z"}
{"context":"RouterExplorer","level":"info","message":"Mapped {/api/v1/orders/stats/:organisationId, GET} route","timestamp":"2026-06-20T12:04:01.603Z"}
{"context":"RouterExplorer","level":"info","message":"Mapped {/api/v1/orders/my-orders, GET} route","timestamp":"2026-06-20T12:04:01.603Z"}
{"context":"RouterExplorer","level":"info","message":"Mapped {/api/v1/orders/:id, GET} route","timestamp":"2026-06-20T12:04:01.604Z"}
{"context":"RouterExplorer","level":"info","message":"Mapped {/api/v1/orders, POST} route","timestamp":"2026-06-20T12:04:01.604Z"}
{"context":"RouterExplorer","level":"info","message":"Mapped {/api/v1/orders/guest, POST} route","timestamp":"2026-06-20T12:04:01.604Z"}
{"context":"RouterExplorer","level":"info","message":"Mapped {/api/v1/orders/:id/status, PATCH} route","timestamp":"2026-06-20T12:04:01.604Z"}
{"context":"RouterExplorer","level":"info","message":"Mapped {/api/v1/orders/:id/status, POST} route","timestamp":"2026-06-20T12:04:01.604Z"}
{"context":"RouterExplorer","level":"info","message":"Mapped {/api/v1/orders/retrieve, POST} route","timestamp":"2026-06-20T12:04:01.604Z"}
{"context":"RoutesResolver","level":"info","message":"PaymentsController {/api/v1/payments}:","timestamp":"2026-06-20T12:04:01.604Z"}
{"context":"RouterExplorer","level":"info","message":"Mapped {/api/v1/payments, GET} route","timestamp":"2026-06-20T12:04:01.604Z"}
{"context":"RouterExplorer","level":"info","message":"Mapped {/api/v1/payments/:id, GET} route","timestamp":"2026-06-20T12:04:01.604Z"}
{"context":"RouterExplorer","level":"info","message":"Mapped {/api/v1/payments, POST} route","timestamp":"2026-06-20T12:04:01.604Z"}
{"context":"RouterExplorer","level":"info","message":"Mapped {/api/v1/payments/webhook, POST} route","timestamp":"2026-06-20T12:04:01.604Z"}
{"context":"RouterExplorer","level":"info","message":"Mapped {/api/v1/payments/:id/refund, PATCH} route","timestamp":"2026-06-20T12:04:01.604Z"}
{"context":"RoutesResolver","level":"info","message":"WalletController {/api/v1/wallet}:","timestamp":"2026-06-20T12:04:01.604Z"}
{"context":"RouterExplorer","level":"info","message":"Mapped {/api/v1/wallet, GET} route","timestamp":"2026-06-20T12:04:01.604Z"}
{"context":"RouterExplorer","level":"info","message":"Mapped {/api/v1/wallet/credit, POST} route","timestamp":"2026-06-20T12:04:01.604Z"}
{"context":"RouterExplorer","level":"info","message":"Mapped {/api/v1/wallet/debit, POST} route","timestamp":"2026-06-20T12:04:01.605Z"}
{"context":"RouterExplorer","level":"info","message":"Mapped {/api/v1/wallet/transactions, GET} route","timestamp":"2026-06-20T12:04:01.605Z"}
{"context":"RoutesResolver","level":"info","message":"NotificationsController {/api/v1/notifications}:","timestamp":"2026-06-20T12:04:01.605Z"}
{"context":"RouterExplorer","level":"info","message":"Mapped {/api/v1/notifications, GET} route","timestamp":"2026-06-20T12:04:01.605Z"}
{"context":"RouterExplorer","level":"info","message":"Mapped {/api/v1/notifications/unread-count, GET} route","timestamp":"2026-06-20T12:04:01.605Z"}
{"context":"RouterExplorer","level":"info","message":"Mapped {/api/v1/notifications/:id, GET} route","timestamp":"2026-06-20T12:04:01.605Z"}
{"context":"RouterExplorer","level":"info","message":"Mapped {/api/v1/notifications, POST} route","timestamp":"2026-06-20T12:04:01.605Z"}
{"context":"RouterExplorer","level":"info","message":"Mapped {/api/v1/notifications/:id/read, PATCH} route","timestamp":"2026-06-20T12:04:01.605Z"}
{"context":"RouterExplorer","level":"info","message":"Mapped {/api/v1/notifications/read-all, PATCH} route","timestamp":"2026-06-20T12:04:01.605Z"}
{"context":"RouterExplorer","level":"info","message":"Mapped {/api/v1/notifications/fcm-token, POST} route","timestamp":"2026-06-20T12:04:01.605Z"}
{"context":"RouterExplorer","level":"info","message":"Mapped {/api/v1/notifications/:id, DELETE} route","timestamp":"2026-06-20T12:04:01.605Z"}
{"context":"RoutesResolver","level":"info","message":"LoyaltyController {/api/v1/loyalty}:","timestamp":"2026-06-20T12:04:01.605Z"}
{"context":"RouterExplorer","level":"info","message":"Mapped {/api/v1/loyalty/points, GET} route","timestamp":"2026-06-20T12:04:01.605Z"}
{"context":"RouterExplorer","level":"info","message":"Mapped {/api/v1/loyalty/history, GET} route","timestamp":"2026-06-20T12:04:01.606Z"}
{"context":"RouterExplorer","level":"info","message":"Mapped {/api/v1/loyalty/leaderboard, GET} route","timestamp":"2026-06-20T12:04:01.606Z"}
{"context":"RouterExplorer","level":"info","message":"Mapped {/api/v1/loyalty/add, POST} route","timestamp":"2026-06-20T12:04:01.606Z"}
{"context":"RouterExplorer","level":"info","message":"Mapped {/api/v1/loyalty/redeem, POST} route","timestamp":"2026-06-20T12:04:01.606Z"}
{"context":"RoutesResolver","level":"info","message":"StorageController {/api/v1/storage}:","timestamp":"2026-06-20T12:04:01.606Z"}
{"context":"RouterExplorer","level":"info","message":"Mapped {/api/v1/storage/upload, POST} route","timestamp":"2026-06-20T12:04:01.606Z"}
{"context":"RoutesResolver","level":"info","message":"SettingsController {/api/v1/settings}:","timestamp":"2026-06-20T12:04:01.606Z"}
{"context":"RouterExplorer","level":"info","message":"Mapped {/api/v1/settings, GET} route","timestamp":"2026-06-20T12:04:01.606Z"}
{"context":"RouterExplorer","level":"info","message":"Mapped {/api/v1/settings, PATCH} route","timestamp":"2026-06-20T12:04:01.606Z"}
{"context":"NestApplication","level":"info","message":"Nest application successfully started","timestamp":"2026-06-20T12:04:01.610Z"}
{"context":"RoutesResolver","level":"info","message":"AppController {/api/v1}:","timestamp":"2026-06-20T12:04:12.552Z"}
{"context":"RouterExplorer","level":"info","message":"Mapped {/api/v1, GET} route","timestamp":"2026-06-20T12:04:12.553Z"}
{"context":"RouterExplorer","level":"info","message":"Mapped {/api/v1/enums, GET} route","timestamp":"2026-06-20T12:04:12.554Z"}
{"context":"RoutesResolver","level":"info","message":"AuthController {/api/v1/auth}:","timestamp":"2026-06-20T12:04:12.554Z"}
{"context":"RouterExplorer","level":"info","message":"Mapped {/api/v1/auth/login, POST} route","timestamp":"2026-06-20T12:04:12.554Z"}
{"context":"RouterExplorer","level":"info","message":"Mapped {/api/v1/auth/otp/request, POST} route","timestamp":"2026-06-20T12:04:12.554Z"}
{"context":"RouterExplorer","level":"info","message":"Mapped {/api/v1/auth/otp/verify, POST} route","timestamp":"2026-06-20T12:04:12.555Z"}
{"context":"RouterExplorer","level":"info","message":"Mapped {/api/v1/auth/password/set, POST} route","timestamp":"2026-06-20T12:04:12.555Z"}
{"context":"RouterExplorer","level":"info","message":"Mapped {/api/v1/auth/profile, GET} route","timestamp":"2026-06-20T12:04:12.555Z"}
{"context":"RoutesResolver","level":"info","message":"UsersController {/api/v1/users}:","timestamp":"2026-06-20T12:04:12.555Z"}
{"context":"RouterExplorer","level":"info","message":"Mapped {/api/v1/users, GET} route","timestamp":"2026-06-20T12:04:12.556Z"}
{"context":"RouterExplorer","level":"info","message":"Mapped {/api/v1/users, POST} route","timestamp":"2026-06-20T12:04:12.556Z"}
{"context":"RouterExplorer","level":"info","message":"Mapped {/api/v1/users/:id, GET} route","timestamp":"2026-06-20T12:04:12.556Z"}
{"context":"RouterExplorer","level":"info","message":"Mapped {/api/v1/users/:id, PATCH} route","timestamp":"2026-06-20T12:04:12.556Z"}
{"context":"RouterExplorer","level":"info","message":"Mapped {/api/v1/users/:id, DELETE} route","timestamp":"2026-06-20T12:04:12.557Z"}
{"context":"RoutesResolver","level":"info","message":"OrganisationsController {/api/v1/organisations}:","timestamp":"2026-06-20T12:04:12.557Z"}
{"context":"RouterExplorer","level":"info","message":"Mapped {/api/v1/organisations/public/:slug, GET} route","timestamp":"2026-06-20T12:04:12.557Z"}
{"context":"RouterExplorer","level":"info","message":"Mapped {/api/v1/organisations, GET} route","timestamp":"2026-06-20T12:04:12.557Z"}
{"context":"RouterExplorer","level":"info","message":"Mapped {/api/v1/organisations, POST} route","timestamp":"2026-06-20T12:04:12.557Z"}
{"context":"RouterExplorer","level":"info","message":"Mapped {/api/v1/organisations/:id, GET} route","timestamp":"2026-06-20T12:04:12.557Z"}
{"context":"RouterExplorer","level":"info","message":"Mapped {/api/v1/organisations/:id, PATCH} route","timestamp":"2026-06-20T12:04:12.557Z"}
{"context":"RouterExplorer","level":"info","message":"Mapped {/api/v1/organisations/:id, DELETE} route","timestamp":"2026-06-20T12:04:12.557Z"}
{"context":"RoutesResolver","level":"info","message":"DishesController {/api/v1/dishes}:","timestamp":"2026-06-20T12:04:12.557Z"}
{"context":"RouterExplorer","level":"info","message":"Mapped {/api/v1/dishes, GET} route","timestamp":"2026-06-20T12:04:12.558Z"}
{"context":"RouterExplorer","level":"info","message":"Mapped {/api/v1/dishes, POST} route","timestamp":"2026-06-20T12:04:12.558Z"}
{"context":"RouterExplorer","level":"info","message":"Mapped {/api/v1/dishes/:id, GET} route","timestamp":"2026-06-20T12:04:12.558Z"}
{"context":"RoutesResolver","level":"info","message":"MenusController {/api/v1/menus}:","timestamp":"2026-06-20T12:04:12.558Z"}
{"context":"RouterExplorer","level":"info","message":"Mapped {/api/v1/menus/public/:organisationId, GET} route","timestamp":"2026-06-20T12:04:12.558Z"}
{"context":"RouterExplorer","level":"info","message":"Mapped {/api/v1/menus/daily, GET} route","timestamp":"2026-06-20T12:04:12.558Z"}
{"context":"RouterExplorer","level":"info","message":"Mapped {/api/v1/menus, GET} route","timestamp":"2026-06-20T12:04:12.558Z"}
{"context":"RouterExplorer","level":"info","message":"Mapped {/api/v1/menus/:id, GET} route","timestamp":"2026-06-20T12:04:12.558Z"}
{"context":"RouterExplorer","level":"info","message":"Mapped {/api/v1/menus, POST} route","timestamp":"2026-06-20T12:04:12.558Z"}
{"context":"RouterExplorer","level":"info","message":"Mapped {/api/v1/menus/:id, PUT} route","timestamp":"2026-06-20T12:04:12.558Z"}
{"context":"RouterExplorer","level":"info","message":"Mapped {/api/v1/menus/:id/publish, PATCH} route","timestamp":"2026-06-20T12:04:12.559Z"}
{"context":"RouterExplorer","level":"info","message":"Mapped {/api/v1/menus/:id, DELETE} route","timestamp":"2026-06-20T12:04:12.559Z"}
{"context":"RoutesResolver","level":"info","message":"OrdersController {/api/v1/orders}:","timestamp":"2026-06-20T12:04:12.559Z"}
{"context":"RouterExplorer","level":"info","message":"Mapped {/api/v1/orders, GET} route","timestamp":"2026-06-20T12:04:12.559Z"}
{"context":"RouterExplorer","level":"info","message":"Mapped {/api/v1/orders/stats/:organisationId, GET} route","timestamp":"2026-06-20T12:04:12.559Z"}
{"context":"RouterExplorer","level":"info","message":"Mapped {/api/v1/orders/my-orders, GET} route","timestamp":"2026-06-20T12:04:12.559Z"}
{"context":"RouterExplorer","level":"info","message":"Mapped {/api/v1/orders/:id, GET} route","timestamp":"2026-06-20T12:04:12.559Z"}
{"context":"RouterExplorer","level":"info","message":"Mapped {/api/v1/orders, POST} route","timestamp":"2026-06-20T12:04:12.559Z"}
{"context":"RouterExplorer","level":"info","message":"Mapped {/api/v1/orders/guest, POST} route","timestamp":"2026-06-20T12:04:12.559Z"}
{"context":"RouterExplorer","level":"info","message":"Mapped {/api/v1/orders/:id/status, PATCH} route","timestamp":"2026-06-20T12:04:12.559Z"}
{"context":"RouterExplorer","level":"info","message":"Mapped {/api/v1/orders/:id/status, POST} route","timestamp":"2026-06-20T12:04:12.559Z"}
{"context":"RouterExplorer","level":"info","message":"Mapped {/api/v1/orders/retrieve, POST} route","timestamp":"2026-06-20T12:04:12.559Z"}
{"context":"RoutesResolver","level":"info","message":"PaymentsController {/api/v1/payments}:","timestamp":"2026-06-20T12:04:12.559Z"}
{"context":"RouterExplorer","level":"info","message":"Mapped {/api/v1/payments, GET} route","timestamp":"2026-06-20T12:04:12.560Z"}
{"context":"RouterExplorer","level":"info","message":"Mapped {/api/v1/payments/:id, GET} route","timestamp":"2026-06-20T12:04:12.560Z"}
{"context":"RouterExplorer","level":"info","message":"Mapped {/api/v1/payments, POST} route","timestamp":"2026-06-20T12:04:12.560Z"}
{"context":"RouterExplorer","level":"info","message":"Mapped {/api/v1/payments/webhook, POST} route","timestamp":"2026-06-20T12:04:12.560Z"}
{"context":"RouterExplorer","level":"info","message":"Mapped {/api/v1/payments/:id/refund, PATCH} route","timestamp":"2026-06-20T12:04:12.560Z"}
{"context":"RoutesResolver","level":"info","message":"WalletController {/api/v1/wallet}:","timestamp":"2026-06-20T12:04:12.560Z"}
{"context":"RouterExplorer","level":"info","message":"Mapped {/api/v1/wallet, GET} route","timestamp":"2026-06-20T12:04:12.560Z"}
{"context":"RouterExplorer","level":"info","message":"Mapped {/api/v1/wallet/credit, POST} route","timestamp":"2026-06-20T12:04:12.560Z"}
{"context":"RouterExplorer","level":"info","message":"Mapped {/api/v1/wallet/debit, POST} route","timestamp":"2026-06-20T12:04:12.560Z"}
{"context":"RouterExplorer","level":"info","message":"Mapped {/api/v1/wallet/transactions, GET} route","timestamp":"2026-06-20T12:04:12.560Z"}
{"context":"RoutesResolver","level":"info","message":"NotificationsController {/api/v1/notifications}:","timestamp":"2026-06-20T12:04:12.560Z"}
{"context":"RouterExplorer","level":"info","message":"Mapped {/api/v1/notifications, GET} route","timestamp":"2026-06-20T12:04:12.561Z"}
{"context":"RouterExplorer","level":"info","message":"Mapped {/api/v1/notifications/unread-count, GET} route","timestamp":"2026-06-20T12:04:12.561Z"}
{"context":"RouterExplorer","level":"info","message":"Mapped {/api/v1/notifications/:id, GET} route","timestamp":"2026-06-20T12:04:12.561Z"}
{"context":"RouterExplorer","level":"info","message":"Mapped {/api/v1/notifications, POST} route","timestamp":"2026-06-20T12:04:12.561Z"}
{"context":"RouterExplorer","level":"info","message":"Mapped {/api/v1/notifications/:id/read, PATCH} route","timestamp":"2026-06-20T12:04:12.561Z"}
{"context":"RouterExplorer","level":"info","message":"Mapped {/api/v1/notifications/read-all, PATCH} route","timestamp":"2026-06-20T12:04:12.561Z"}
{"context":"RouterExplorer","level":"info","message":"Mapped {/api/v1/notifications/fcm-token, POST} route","timestamp":"2026-06-20T12:04:12.561Z"}
{"context":"RouterExplorer","level":"info","message":"Mapped {/api/v1/notifications/:id, DELETE} route","timestamp":"2026-06-20T12:04:12.562Z"}
{"context":"RoutesResolver","level":"info","message":"LoyaltyController {/api/v1/loyalty}:","timestamp":"2026-06-20T12:04:12.562Z"}
{"context":"RouterExplorer","level":"info","message":"Mapped {/api/v1/loyalty/points, GET} route","timestamp":"2026-06-20T12:04:12.562Z"}
{"context":"RouterExplorer","level":"info","message":"Mapped {/api/v1/loyalty/history, GET} route","timestamp":"2026-06-20T12:04:12.562Z"}
{"context":"RouterExplorer","level":"info","message":"Mapped {/api/v1/loyalty/leaderboard, GET} route","timestamp":"2026-06-20T12:04:12.562Z"}
{"context":"RouterExplorer","level":"info","message":"Mapped {/api/v1/loyalty/add, POST} route","timestamp":"2026-06-20T12:04:12.562Z"}
{"context":"RouterExplorer","level":"info","message":"Mapped {/api/v1/loyalty/redeem, POST} route","timestamp":"2026-06-20T12:04:12.562Z"}
{"context":"RoutesResolver","level":"info","message":"StorageController {/api/v1/storage}:","timestamp":"2026-06-20T12:04:12.562Z"}
{"context":"RouterExplorer","level":"info","message":"Mapped {/api/v1/storage/upload, POST} route","timestamp":"2026-06-20T12:04:12.562Z"}
{"context":"RoutesResolver","level":"info","message":"SettingsController {/api/v1/settings}:","timestamp":"2026-06-20T12:04:12.562Z"}
{"context":"RouterExplorer","level":"info","message":"Mapped {/api/v1/settings, GET} route","timestamp":"2026-06-20T12:04:12.563Z"}
{"context":"RouterExplorer","level":"info","message":"Mapped {/api/v1/settings, PATCH} route","timestamp":"2026-06-20T12:04:12.563Z"}
{"context":"NestApplication","level":"info","message":"Nest application successfully started","timestamp":"2026-06-20T12:04:12.568Z"}
{"context":"RoutesResolver","level":"info","message":"AppController {/api/v1}:","timestamp":"2026-06-20T12:55:56.258Z"}
{"context":"RouterExplorer","level":"info","message":"Mapped {/api/v1, GET} route","timestamp":"2026-06-20T12:55:56.259Z"}
{"context":"RouterExplorer","level":"info","message":"Mapped {/api/v1/enums, GET} route","timestamp":"2026-06-20T12:55:56.260Z"}
{"context":"RoutesResolver","level":"info","message":"AuthController {/api/v1/auth}:","timestamp":"2026-06-20T12:55:56.260Z"}
{"context":"RouterExplorer","level":"info","message":"Mapped {/api/v1/auth/login, POST} route","timestamp":"2026-06-20T12:55:56.260Z"}
{"context":"RouterExplorer","level":"info","message":"Mapped {/api/v1/auth/otp/request, POST} route","timestamp":"2026-06-20T12:55:56.260Z"}
{"context":"RouterExplorer","level":"info","message":"Mapped {/api/v1/auth/otp/verify, POST} route","timestamp":"2026-06-20T12:55:56.261Z"}
{"context":"RouterExplorer","level":"info","message":"Mapped {/api/v1/auth/password/set, POST} route","timestamp":"2026-06-20T12:55:56.261Z"}
{"context":"RouterExplorer","level":"info","message":"Mapped {/api/v1/auth/profile, GET} route","timestamp":"2026-06-20T12:55:56.261Z"}
{"context":"RoutesResolver","level":"info","message":"UsersController {/api/v1/users}:","timestamp":"2026-06-20T12:55:56.261Z"}
{"context":"RouterExplorer","level":"info","message":"Mapped {/api/v1/users, GET} route","timestamp":"2026-06-20T12:55:56.261Z"}
{"context":"RouterExplorer","level":"info","message":"Mapped {/api/v1/users, POST} route","timestamp":"2026-06-20T12:55:56.262Z"}
{"context":"RouterExplorer","level":"info","message":"Mapped {/api/v1/users/:id, GET} route","timestamp":"2026-06-20T12:55:56.262Z"}
{"context":"RouterExplorer","level":"info","message":"Mapped {/api/v1/users/:id, PATCH} route","timestamp":"2026-06-20T12:55:56.262Z"}
{"context":"RouterExplorer","level":"info","message":"Mapped {/api/v1/users/:id, DELETE} route","timestamp":"2026-06-20T12:55:56.263Z"}
{"context":"RoutesResolver","level":"info","message":"OrganisationsController {/api/v1/organisations}:","timestamp":"2026-06-20T12:55:56.263Z"}
{"context":"RouterExplorer","level":"info","message":"Mapped {/api/v1/organisations/public/:slug, GET} route","timestamp":"2026-06-20T12:55:56.263Z"}
{"context":"RouterExplorer","level":"info","message":"Mapped {/api/v1/organisations, GET} route","timestamp":"2026-06-20T12:55:56.263Z"}
{"context":"RouterExplorer","level":"info","message":"Mapped {/api/v1/organisations, POST} route","timestamp":"2026-06-20T12:55:56.263Z"}
{"context":"RouterExplorer","level":"info","message":"Mapped {/api/v1/organisations/:id, GET} route","timestamp":"2026-06-20T12:55:56.263Z"}
{"context":"RouterExplorer","level":"info","message":"Mapped {/api/v1/organisations/:id, PATCH} route","timestamp":"2026-06-20T12:55:56.263Z"}
{"context":"RouterExplorer","level":"info","message":"Mapped {/api/v1/organisations/:id, DELETE} route","timestamp":"2026-06-20T12:55:56.263Z"}
{"context":"RoutesResolver","level":"info","message":"DishesController {/api/v1/dishes}:","timestamp":"2026-06-20T12:55:56.263Z"}
{"context":"RouterExplorer","level":"info","message":"Mapped {/api/v1/dishes, GET} route","timestamp":"2026-06-20T12:55:56.264Z"}
{"context":"RouterExplorer","level":"info","message":"Mapped {/api/v1/dishes, POST} route","timestamp":"2026-06-20T12:55:56.264Z"}
{"context":"RouterExplorer","level":"info","message":"Mapped {/api/v1/dishes/:id, GET} route","timestamp":"2026-06-20T12:55:56.264Z"}
{"context":"RoutesResolver","level":"info","message":"MenusController {/api/v1/menus}:","timestamp":"2026-06-20T12:55:56.264Z"}
{"context":"RouterExplorer","level":"info","message":"Mapped {/api/v1/menus/public/:organisationId, GET} route","timestamp":"2026-06-20T12:55:56.264Z"}
{"context":"RouterExplorer","level":"info","message":"Mapped {/api/v1/menus/daily, GET} route","timestamp":"2026-06-20T12:55:56.264Z"}
{"context":"RouterExplorer","level":"info","message":"Mapped {/api/v1/menus, GET} route","timestamp":"2026-06-20T12:55:56.264Z"}
{"context":"RouterExplorer","level":"info","message":"Mapped {/api/v1/menus/:id, GET} route","timestamp":"2026-06-20T12:55:56.264Z"}
{"context":"RouterExplorer","level":"info","message":"Mapped {/api/v1/menus, POST} route","timestamp":"2026-06-20T12:55:56.264Z"}
{"context":"RouterExplorer","level":"info","message":"Mapped {/api/v1/menus/:id, PUT} route","timestamp":"2026-06-20T12:55:56.264Z"}
{"context":"RouterExplorer","level":"info","message":"Mapped {/api/v1/menus/:id/publish, PATCH} route","timestamp":"2026-06-20T12:55:56.265Z"}
{"context":"RouterExplorer","level":"info","message":"Mapped {/api/v1/menus/:id, DELETE} route","timestamp":"2026-06-20T12:55:56.265Z"}
{"context":"RoutesResolver","level":"info","message":"OrdersController {/api/v1/orders}:","timestamp":"2026-06-20T12:55:56.265Z"}
{"context":"RouterExplorer","level":"info","message":"Mapped {/api/v1/orders, GET} route","timestamp":"2026-06-20T12:55:56.265Z"}
{"context":"RouterExplorer","level":"info","message":"Mapped {/api/v1/orders/stats/:organisationId, GET} route","timestamp":"2026-06-20T12:55:56.265Z"}
{"context":"RouterExplorer","level":"info","message":"Mapped {/api/v1/orders/my-orders, GET} route","timestamp":"2026-06-20T12:55:56.265Z"}
{"context":"RouterExplorer","level":"info","message":"Mapped {/api/v1/orders/:id, GET} route","timestamp":"2026-06-20T12:55:56.265Z"}
{"context":"RouterExplorer","level":"info","message":"Mapped {/api/v1/orders, POST} route","timestamp":"2026-06-20T12:55:56.265Z"}
{"context":"RouterExplorer","level":"info","message":"Mapped {/api/v1/orders/guest, POST} route","timestamp":"2026-06-20T12:55:56.265Z"}
{"context":"RouterExplorer","level":"info","message":"Mapped {/api/v1/orders/:id/status, PATCH} route","timestamp":"2026-06-20T12:55:56.265Z"}
{"context":"RouterExplorer","level":"info","message":"Mapped {/api/v1/orders/:id/status, POST} route","timestamp":"2026-06-20T12:55:56.265Z"}
{"context":"RouterExplorer","level":"info","message":"Mapped {/api/v1/orders/retrieve, POST} route","timestamp":"2026-06-20T12:55:56.266Z"}
{"context":"RoutesResolver","level":"info","message":"PaymentsController {/api/v1/payments}:","timestamp":"2026-06-20T12:55:56.266Z"}
{"context":"RouterExplorer","level":"info","message":"Mapped {/api/v1/payments, GET} route","timestamp":"2026-06-20T12:55:56.266Z"}
{"context":"RouterExplorer","level":"info","message":"Mapped {/api/v1/payments/:id, GET} route","timestamp":"2026-06-20T12:55:56.266Z"}
{"context":"RouterExplorer","level":"info","message":"Mapped {/api/v1/payments, POST} route","timestamp":"2026-06-20T12:55:56.266Z"}
{"context":"RouterExplorer","level":"info","message":"Mapped {/api/v1/payments/webhook, POST} route","timestamp":"2026-06-20T12:55:56.266Z"}
{"context":"RouterExplorer","level":"info","message":"Mapped {/api/v1/payments/:id/refund, PATCH} route","timestamp":"2026-06-20T12:55:56.266Z"}
{"context":"RoutesResolver","level":"info","message":"WalletController {/api/v1/wallet}:","timestamp":"2026-06-20T12:55:56.266Z"}
{"context":"RouterExplorer","level":"info","message":"Mapped {/api/v1/wallet, GET} route","timestamp":"2026-06-20T12:55:56.266Z"}
{"context":"RouterExplorer","level":"info","message":"Mapped {/api/v1/wallet/credit, POST} route","timestamp":"2026-06-20T12:55:56.266Z"}
{"context":"RouterExplorer","level":"info","message":"Mapped {/api/v1/wallet/debit, POST} route","timestamp":"2026-06-20T12:55:56.266Z"}
{"context":"RouterExplorer","level":"info","message":"Mapped {/api/v1/wallet/transactions, GET} route","timestamp":"2026-06-20T12:55:56.266Z"}
{"context":"RoutesResolver","level":"info","message":"NotificationsController {/api/v1/notifications}:","timestamp":"2026-06-20T12:55:56.267Z"}
{"context":"RouterExplorer","level":"info","message":"Mapped {/api/v1/notifications, GET} route","timestamp":"2026-06-20T12:55:56.267Z"}
{"context":"RouterExplorer","level":"info","message":"Mapped {/api/v1/notifications/unread-count, GET} route","timestamp":"2026-06-20T12:55:56.267Z"}
{"context":"RouterExplorer","level":"info","message":"Mapped {/api/v1/notifications/:id, GET} route","timestamp":"2026-06-20T12:55:56.267Z"}
{"context":"RouterExplorer","level":"info","message":"Mapped {/api/v1/notifications, POST} route","timestamp":"2026-06-20T12:55:56.267Z"}
{"context":"RouterExplorer","level":"info","message":"Mapped {/api/v1/notifications/:id/read, PATCH} route","timestamp":"2026-06-20T12:55:56.267Z"}
{"context":"RouterExplorer","level":"info","message":"Mapped {/api/v1/notifications/read-all, PATCH} route","timestamp":"2026-06-20T12:55:56.267Z"}
{"context":"RouterExplorer","level":"info","message":"Mapped {/api/v1/notifications/fcm-token, POST} route","timestamp":"2026-06-20T12:55:56.267Z"}
{"context":"RouterExplorer","level":"info","message":"Mapped {/api/v1/notifications/:id, DELETE} route","timestamp":"2026-06-20T12:55:56.267Z"}
{"context":"RoutesResolver","level":"info","message":"LoyaltyController {/api/v1/loyalty}:","timestamp":"2026-06-20T12:55:56.268Z"}
{"context":"RouterExplorer","level":"info","message":"Mapped {/api/v1/loyalty/points, GET} route","timestamp":"2026-06-20T12:55:56.268Z"}
{"context":"RouterExplorer","level":"info","message":"Mapped {/api/v1/loyalty/history, GET} route","timestamp":"2026-06-20T12:55:56.268Z"}
{"context":"RouterExplorer","level":"info","message":"Mapped {/api/v1/loyalty/leaderboard, GET} route","timestamp":"2026-06-20T12:55:56.268Z"}
{"context":"RouterExplorer","level":"info","message":"Mapped {/api/v1/loyalty/add, POST} route","timestamp":"2026-06-20T12:55:56.268Z"}
{"context":"RouterExplorer","level":"info","message":"Mapped {/api/v1/loyalty/redeem, POST} route","timestamp":"2026-06-20T12:55:56.268Z"}
{"context":"RoutesResolver","level":"info","message":"StorageController {/api/v1/storage}:","timestamp":"2026-06-20T12:55:56.268Z"}
{"context":"RouterExplorer","level":"info","message":"Mapped {/api/v1/storage/upload, POST} route","timestamp":"2026-06-20T12:55:56.269Z"}
{"context":"RoutesResolver","level":"info","message":"SettingsController {/api/v1/settings}:","timestamp":"2026-06-20T12:55:56.269Z"}
{"context":"RouterExplorer","level":"info","message":"Mapped {/api/v1/settings, GET} route","timestamp":"2026-06-20T12:55:56.269Z"}
{"context":"RouterExplorer","level":"info","message":"Mapped {/api/v1/settings, PATCH} route","timestamp":"2026-06-20T12:55:56.269Z"}
{"context":"NestApplication","level":"info","message":"Nest application successfully started","timestamp":"2026-06-20T12:55:56.276Z"}
{"context":"RoutesResolver","level":"info","message":"AppController {/api/v1}:","timestamp":"2026-06-20T12:56:41.371Z"}
{"context":"RouterExplorer","level":"info","message":"Mapped {/api/v1, GET} route","timestamp":"2026-06-20T12:56:41.374Z"}
{"context":"RouterExplorer","level":"info","message":"Mapped {/api/v1/enums, GET} route","timestamp":"2026-06-20T12:56:41.374Z"}
{"context":"RoutesResolver","level":"info","message":"AuthController {/api/v1/auth}:","timestamp":"2026-06-20T12:56:41.374Z"}
{"context":"RouterExplorer","level":"info","message":"Mapped {/api/v1/auth/login, POST} route","timestamp":"2026-06-20T12:56:41.375Z"}
{"context":"RouterExplorer","level":"info","message":"Mapped {/api/v1/auth/otp/request, POST} route","timestamp":"2026-06-20T12:56:41.375Z"}
{"context":"RouterExplorer","level":"info","message":"Mapped {/api/v1/auth/otp/verify, POST} route","timestamp":"2026-06-20T12:56:41.376Z"}
{"context":"RouterExplorer","level":"info","message":"Mapped {/api/v1/auth/password/set, POST} route","timestamp":"2026-06-20T12:56:41.376Z"}
{"context":"RouterExplorer","level":"info","message":"Mapped {/api/v1/auth/profile, GET} route","timestamp":"2026-06-20T12:56:41.376Z"}
{"context":"RoutesResolver","level":"info","message":"UsersController {/api/v1/users}:","timestamp":"2026-06-20T12:56:41.377Z"}
{"context":"RouterExplorer","level":"info","message":"Mapped {/api/v1/users, GET} route","timestamp":"2026-06-20T12:56:41.377Z"}
{"context":"RouterExplorer","level":"info","message":"Mapped {/api/v1/users, POST} route","timestamp":"2026-06-20T12:56:41.378Z"}
{"context":"RouterExplorer","level":"info","message":"Mapped {/api/v1/users/:id, GET} route","timestamp":"2026-06-20T12:56:41.378Z"}
{"context":"RouterExplorer","level":"info","message":"Mapped {/api/v1/users/:id, PATCH} route","timestamp":"2026-06-20T12:56:41.378Z"}
{"context":"RouterExplorer","level":"info","message":"Mapped {/api/v1/users/:id, DELETE} route","timestamp":"2026-06-20T12:56:41.379Z"}
{"context":"RoutesResolver","level":"info","message":"OrganisationsController {/api/v1/organisations}:","timestamp":"2026-06-20T12:56:41.379Z"}
{"context":"RouterExplorer","level":"info","message":"Mapped {/api/v1/organisations/public/:slug, GET} route","timestamp":"2026-06-20T12:56:41.379Z"}
{"context":"RouterExplorer","level":"info","message":"Mapped {/api/v1/organisations, GET} route","timestamp":"2026-06-20T12:56:41.379Z"}
{"context":"RouterExplorer","level":"info","message":"Mapped {/api/v1/organisations, POST} route","timestamp":"2026-06-20T12:56:41.379Z"}
{"context":"RouterExplorer","level":"info","message":"Mapped {/api/v1/organisations/:id, GET} route","timestamp":"2026-06-20T12:56:41.379Z"}
{"context":"RouterExplorer","level":"info","message":"Mapped {/api/v1/organisations/:id, PATCH} route","timestamp":"2026-06-20T12:56:41.380Z"}
{"context":"RouterExplorer","level":"info","message":"Mapped {/api/v1/organisations/:id, DELETE} route","timestamp":"2026-06-20T12:56:41.380Z"}
{"context":"RoutesResolver","level":"info","message":"DishesController {/api/v1/dishes}:","timestamp":"2026-06-20T12:56:41.380Z"}
{"context":"RouterExplorer","level":"info","message":"Mapped {/api/v1/dishes, GET} route","timestamp":"2026-06-20T12:56:41.380Z"}
{"context":"RouterExplorer","level":"info","message":"Mapped {/api/v1/dishes, POST} route","timestamp":"2026-06-20T12:56:41.380Z"}
{"context":"RouterExplorer","level":"info","message":"Mapped {/api/v1/dishes/:id, GET} route","timestamp":"2026-06-20T12:56:41.380Z"}
{"context":"RoutesResolver","level":"info","message":"MenusController {/api/v1/menus}:","timestamp":"2026-06-20T12:56:41.380Z"}
{"context":"RouterExplorer","level":"info","message":"Mapped {/api/v1/menus/public/:organisationId, GET} route","timestamp":"2026-06-20T12:56:41.380Z"}
{"context":"RouterExplorer","level":"info","message":"Mapped {/api/v1/menus/daily, GET} route","timestamp":"2026-06-20T12:56:41.380Z"}
{"context":"RouterExplorer","level":"info","message":"Mapped {/api/v1/menus, GET} route","timestamp":"2026-06-20T12:56:41.381Z"}
{"context":"RouterExplorer","level":"info","message":"Mapped {/api/v1/menus/:id, GET} route","timestamp":"2026-06-20T12:56:41.381Z"}
{"context":"RouterExplorer","level":"info","message":"Mapped {/api/v1/menus, POST} route","timestamp":"2026-06-20T12:56:41.381Z"}
{"context":"RouterExplorer","level":"info","message":"Mapped {/api/v1/menus/:id, PUT} route","timestamp":"2026-06-20T12:56:41.381Z"}
{"context":"RouterExplorer","level":"info","message":"Mapped {/api/v1/menus/:id/publish, PATCH} route","timestamp":"2026-06-20T12:56:41.381Z"}
{"context":"RouterExplorer","level":"info","message":"Mapped {/api/v1/menus/:id, DELETE} route","timestamp":"2026-06-20T12:56:41.381Z"}
{"context":"RoutesResolver","level":"info","message":"OrdersController {/api/v1/orders}:","timestamp":"2026-06-20T12:56:41.381Z"}
{"context":"RouterExplorer","level":"info","message":"Mapped {/api/v1/orders, GET} route","timestamp":"2026-06-20T12:56:41.381Z"}
{"context":"RouterExplorer","level":"info","message":"Mapped {/api/v1/orders/stats/:organisationId, GET} route","timestamp":"2026-06-20T12:56:41.381Z"}
{"context":"RouterExplorer","level":"info","message":"Mapped {/api/v1/orders/my-orders, GET} route","timestamp":"2026-06-20T12:56:41.381Z"}
{"context":"RouterExplorer","level":"info","message":"Mapped {/api/v1/orders/:id, GET} route","timestamp":"2026-06-20T12:56:41.381Z"}
{"context":"RouterExplorer","level":"info","message":"Mapped {/api/v1/orders, POST} route","timestamp":"2026-06-20T12:56:41.381Z"}
{"context":"RouterExplorer","level":"info","message":"Mapped {/api/v1/orders/guest, POST} route","timestamp":"2026-06-20T12:56:41.381Z"}
{"context":"RouterExplorer","level":"info","message":"Mapped {/api/v1/orders/:id/status, PATCH} route","timestamp":"2026-06-20T12:56:41.382Z"}
{"context":"RouterExplorer","level":"info","message":"Mapped {/api/v1/orders/:id/status, POST} route","timestamp":"2026-06-20T12:56:41.382Z"}
{"context":"RouterExplorer","level":"info","message":"Mapped {/api/v1/orders/retrieve, POST} route","timestamp":"2026-06-20T12:56:41.382Z"}
{"context":"RoutesResolver","level":"info","message":"PaymentsController {/api/v1/payments}:","timestamp":"2026-06-20T12:56:41.382Z"}
{"context":"RouterExplorer","level":"info","message":"Mapped {/api/v1/payments, GET} route","timestamp":"2026-06-20T12:56:41.382Z"}
{"context":"RouterExplorer","level":"info","message":"Mapped {/api/v1/payments/:id, GET} route","timestamp":"2026-06-20T12:56:41.382Z"}
{"context":"RouterExplorer","level":"info","message":"Mapped {/api/v1/payments, POST} route","timestamp":"2026-06-20T12:56:41.382Z"}
{"context":"RouterExplorer","level":"info","message":"Mapped {/api/v1/payments/webhook, POST} route","timestamp":"2026-06-20T12:56:41.382Z"}
{"context":"RouterExplorer","level":"info","message":"Mapped {/api/v1/payments/:id/refund, PATCH} route","timestamp":"2026-06-20T12:56:41.382Z"}
{"context":"RoutesResolver","level":"info","message":"WalletController {/api/v1/wallet}:","timestamp":"2026-06-20T12:56:41.382Z"}
{"context":"RouterExplorer","level":"info","message":"Mapped {/api/v1/wallet, GET} route","timestamp":"2026-06-20T12:56:41.382Z"}
{"context":"RouterExplorer","level":"info","message":"Mapped {/api/v1/wallet/credit, POST} route","timestamp":"2026-06-20T12:56:41.383Z"}
{"context":"RouterExplorer","level":"info","message":"Mapped {/api/v1/wallet/debit, POST} route","timestamp":"2026-06-20T12:56:41.383Z"}
{"context":"RouterExplorer","level":"info","message":"Mapped {/api/v1/wallet/transactions, GET} route","timestamp":"2026-06-20T12:56:41.383Z"}
{"context":"RoutesResolver","level":"info","message":"NotificationsController {/api/v1/notifications}:","timestamp":"2026-06-20T12:56:41.383Z"}
{"context":"RouterExplorer","level":"info","message":"Mapped {/api/v1/notifications, GET} route","timestamp":"2026-06-20T12:56:41.383Z"}
{"context":"RouterExplorer","level":"info","message":"Mapped {/api/v1/notifications/unread-count, GET} route","timestamp":"2026-06-20T12:56:41.383Z"}
{"context":"RouterExplorer","level":"info","message":"Mapped {/api/v1/notifications/:id, GET} route","timestamp":"2026-06-20T12:56:41.383Z"}
{"context":"RouterExplorer","level":"info","message":"Mapped {/api/v1/notifications, POST} route","timestamp":"2026-06-20T12:56:41.383Z"}
{"context":"RouterExplorer","level":"info","message":"Mapped {/api/v1/notifications/:id/read, PATCH} route","timestamp":"2026-06-20T12:56:41.383Z"}
{"context":"RouterExplorer","level":"info","message":"Mapped {/api/v1/notifications/read-all, PATCH} route","timestamp":"2026-06-20T12:56:41.383Z"}
{"context":"RouterExplorer","level":"info","message":"Mapped {/api/v1/notifications/fcm-token, POST} route","timestamp":"2026-06-20T12:56:41.384Z"}
{"context":"RouterExplorer","level":"info","message":"Mapped {/api/v1/notifications/:id, DELETE} route","timestamp":"2026-06-20T12:56:41.384Z"}
{"context":"RoutesResolver","level":"info","message":"LoyaltyController {/api/v1/loyalty}:","timestamp":"2026-06-20T12:56:41.384Z"}
{"context":"RouterExplorer","level":"info","message":"Mapped {/api/v1/loyalty/points, GET} route","timestamp":"2026-06-20T12:56:41.384Z"}
{"context":"RouterExplorer","level":"info","message":"Mapped {/api/v1/loyalty/history, GET} route","timestamp":"2026-06-20T12:56:41.384Z"}
{"context":"RouterExplorer","level":"info","message":"Mapped {/api/v1/loyalty/leaderboard, GET} route","timestamp":"2026-06-20T12:56:41.384Z"}
{"context":"RouterExplorer","level":"info","message":"Mapped {/api/v1/loyalty/add, POST} route","timestamp":"2026-06-20T12:56:41.384Z"}
{"context":"RouterExplorer","level":"info","message":"Mapped {/api/v1/loyalty/redeem, POST} route","timestamp":"2026-06-20T12:56:41.384Z"}
{"context":"RoutesResolver","level":"info","message":"StorageController {/api/v1/storage}:","timestamp":"2026-06-20T12:56:41.384Z"}
{"context":"RouterExplorer","level":"info","message":"Mapped {/api/v1/storage/upload, POST} route","timestamp":"2026-06-20T12:56:41.384Z"}
{"context":"RoutesResolver","level":"info","message":"SettingsController {/api/v1/settings}:","timestamp":"2026-06-20T12:56:41.384Z"}
{"context":"RouterExplorer","level":"info","message":"Mapped {/api/v1/settings, GET} route","timestamp":"2026-06-20T12:56:41.384Z"}
{"context":"RouterExplorer","level":"info","message":"Mapped {/api/v1/settings, PATCH} route","timestamp":"2026-06-20T12:56:41.384Z"}
{"context":"NestApplication","level":"info","message":"Nest application successfully started","timestamp":"2026-06-20T12:56:41.390Z"}
{"context":"RoutesResolver","level":"info","message":"AppController {/api/v1}:","timestamp":"2026-06-20T12:56:59.941Z"}
{"context":"RouterExplorer","level":"info","message":"Mapped {/api/v1, GET} route","timestamp":"2026-06-20T12:56:59.945Z"}
{"context":"RouterExplorer","level":"info","message":"Mapped {/api/v1/enums, GET} route","timestamp":"2026-06-20T12:56:59.945Z"}
{"context":"RoutesResolver","level":"info","message":"AuthController {/api/v1/auth}:","timestamp":"2026-06-20T12:56:59.945Z"}
{"context":"RouterExplorer","level":"info","message":"Mapped {/api/v1/auth/login, POST} route","timestamp":"2026-06-20T12:56:59.945Z"}
{"context":"RouterExplorer","level":"info","message":"Mapped {/api/v1/auth/otp/request, POST} route","timestamp":"2026-06-20T12:56:59.946Z"}
{"context":"RouterExplorer","level":"info","message":"Mapped {/api/v1/auth/otp/verify, POST} route","timestamp":"2026-06-20T12:56:59.946Z"}
{"context":"RouterExplorer","level":"info","message":"Mapped {/api/v1/auth/password/set, POST} route","timestamp":"2026-06-20T12:56:59.946Z"}
{"context":"RouterExplorer","level":"info","message":"Mapped {/api/v1/auth/profile, GET} route","timestamp":"2026-06-20T12:56:59.946Z"}
{"context":"RoutesResolver","level":"info","message":"UsersController {/api/v1/users}:","timestamp":"2026-06-20T12:56:59.947Z"}
{"context":"RouterExplorer","level":"info","message":"Mapped {/api/v1/users, GET} route","timestamp":"2026-06-20T12:56:59.947Z"}
{"context":"RouterExplorer","level":"info","message":"Mapped {/api/v1/users, POST} route","timestamp":"2026-06-20T12:56:59.947Z"}
{"context":"RouterExplorer","level":"info","message":"Mapped {/api/v1/users/:id, GET} route","timestamp":"2026-06-20T12:56:59.947Z"}
{"context":"RouterExplorer","level":"info","message":"Mapped {/api/v1/users/:id, PATCH} route","timestamp":"2026-06-20T12:56:59.948Z"}
{"context":"RouterExplorer","level":"info","message":"Mapped {/api/v1/users/:id, DELETE} route","timestamp":"2026-06-20T12:56:59.948Z"}
{"context":"RoutesResolver","level":"info","message":"OrganisationsController {/api/v1/organisations}:","timestamp":"2026-06-20T12:56:59.948Z"}
{"context":"RouterExplorer","level":"info","message":"Mapped {/api/v1/organisations/public/:slug, GET} route","timestamp":"2026-06-20T12:56:59.948Z"}
{"context":"RouterExplorer","level":"info","message":"Mapped {/api/v1/organisations, GET} route","timestamp":"2026-06-20T12:56:59.948Z"}
{"context":"RouterExplorer","level":"info","message":"Mapped {/api/v1/organisations, POST} route","timestamp":"2026-06-20T12:56:59.948Z"}
{"context":"RouterExplorer","level":"info","message":"Mapped {/api/v1/organisations/:id, GET} route","timestamp":"2026-06-20T12:56:59.948Z"}
{"context":"RouterExplorer","level":"info","message":"Mapped {/api/v1/organisations/:id, PATCH} route","timestamp":"2026-06-20T12:56:59.949Z"}
{"context":"RouterExplorer","level":"info","message":"Mapped {/api/v1/organisations/:id, DELETE} route","timestamp":"2026-06-20T12:56:59.949Z"}
{"context":"RoutesResolver","level":"info","message":"DishesController {/api/v1/dishes}:","timestamp":"2026-06-20T12:56:59.949Z"}
{"context":"RouterExplorer","level":"info","message":"Mapped {/api/v1/dishes, GET} route","timestamp":"2026-06-20T12:56:59.949Z"}
{"context":"RouterExplorer","level":"info","message":"Mapped {/api/v1/dishes, POST} route","timestamp":"2026-06-20T12:56:59.949Z"}
{"context":"RouterExplorer","level":"info","message":"Mapped {/api/v1/dishes/:id, GET} route","timestamp":"2026-06-20T12:56:59.949Z"}
{"context":"RouterExplorer","level":"info","message":"Mapped {/api/v1/dishes/:id, PATCH} route","timestamp":"2026-06-20T12:56:59.950Z"}
{"context":"RouterExplorer","level":"info","message":"Mapped {/api/v1/dishes/:id, DELETE} route","timestamp":"2026-06-20T12:56:59.950Z"}
{"context":"RoutesResolver","level":"info","message":"MenusController {/api/v1/menus}:","timestamp":"2026-06-20T12:56:59.950Z"}
{"context":"RouterExplorer","level":"info","message":"Mapped {/api/v1/menus/public/:organisationId, GET} route","timestamp":"2026-06-20T12:56:59.950Z"}
{"context":"RouterExplorer","level":"info","message":"Mapped {/api/v1/menus/daily, GET} route","timestamp":"2026-06-20T12:56:59.950Z"}
{"context":"RouterExplorer","level":"info","message":"Mapped {/api/v1/menus, GET} route","timestamp":"2026-06-20T12:56:59.950Z"}
{"context":"RouterExplorer","level":"info","message":"Mapped {/api/v1/menus/:id, GET} route","timestamp":"2026-06-20T12:56:59.950Z"}
{"context":"RouterExplorer","level":"info","message":"Mapped {/api/v1/menus, POST} route","timestamp":"2026-06-20T12:56:59.950Z"}
{"context":"RouterExplorer","level":"info","message":"Mapped {/api/v1/menus/:id, PUT} route","timestamp":"2026-06-20T12:56:59.950Z"}
{"context":"RouterExplorer","level":"info","message":"Mapped {/api/v1/menus/:id/publish, PATCH} route","timestamp":"2026-06-20T12:56:59.950Z"}
{"context":"RouterExplorer","level":"info","message":"Mapped {/api/v1/menus/:id, DELETE} route","timestamp":"2026-06-20T12:56:59.950Z"}
{"context":"RoutesResolver","level":"info","message":"OrdersController {/api/v1/orders}:","timestamp":"2026-06-20T12:56:59.951Z"}
{"context":"RouterExplorer","level":"info","message":"Mapped {/api/v1/orders, GET} route","timestamp":"2026-06-20T12:56:59.951Z"}
{"context":"RouterExplorer","level":"info","message":"Mapped {/api/v1/orders/stats/:organisationId, GET} route","timestamp":"2026-06-20T12:56:59.951Z"}
{"context":"RouterExplorer","level":"info","message":"Mapped {/api/v1/orders/my-orders, GET} route","timestamp":"2026-06-20T12:56:59.951Z"}
{"context":"RouterExplorer","level":"info","message":"Mapped {/api/v1/orders/:id, GET} route","timestamp":"2026-06-20T12:56:59.951Z"}
{"context":"RouterExplorer","level":"info","message":"Mapped {/api/v1/orders, POST} route","timestamp":"2026-06-20T12:56:59.951Z"}
{"context":"RouterExplorer","level":"info","message":"Mapped {/api/v1/orders/guest, POST} route","timestamp":"2026-06-20T12:56:59.951Z"}
{"context":"RouterExplorer","level":"info","message":"Mapped {/api/v1/orders/:id/status, PATCH} route","timestamp":"2026-06-20T12:56:59.951Z"}
{"context":"RouterExplorer","level":"info","message":"Mapped {/api/v1/orders/:id/status, POST} route","timestamp":"2026-06-20T12:56:59.951Z"}
{"context":"RouterExplorer","level":"info","message":"Mapped {/api/v1/orders/retrieve, POST} route","timestamp":"2026-06-20T12:56:59.952Z"}
{"context":"RoutesResolver","level":"info","message":"PaymentsController {/api/v1/payments}:","timestamp":"2026-06-20T12:56:59.952Z"}
{"context":"RouterExplorer","level":"info","message":"Mapped {/api/v1/payments, GET} route","timestamp":"2026-06-20T12:56:59.952Z"}
{"context":"RouterExplorer","level":"info","message":"Mapped {/api/v1/payments/:id, GET} route","timestamp":"2026-06-20T12:56:59.952Z"}
{"context":"RouterExplorer","level":"info","message":"Mapped {/api/v1/payments, POST} route","timestamp":"2026-06-20T12:56:59.952Z"}
{"context":"RouterExplorer","level":"info","message":"Mapped {/api/v1/payments/webhook, POST} route","timestamp":"2026-06-20T12:56:59.952Z"}
{"context":"RouterExplorer","level":"info","message":"Mapped {/api/v1/payments/:id/refund, PATCH} route","timestamp":"2026-06-20T12:56:59.952Z"}
{"context":"RoutesResolver","level":"info","message":"WalletController {/api/v1/wallet}:","timestamp":"2026-06-20T12:56:59.952Z"}
{"context":"RouterExplorer","level":"info","message":"Mapped {/api/v1/wallet, GET} route","timestamp":"2026-06-20T12:56:59.952Z"}
{"context":"RouterExplorer","level":"info","message":"Mapped {/api/v1/wallet/credit, POST} route","timestamp":"2026-06-20T12:56:59.952Z"}
{"context":"RouterExplorer","level":"info","message":"Mapped {/api/v1/wallet/debit, POST} route","timestamp":"2026-06-20T12:56:59.952Z"}
{"context":"RouterExplorer","level":"info","message":"Mapped {/api/v1/wallet/transactions, GET} route","timestamp":"2026-06-20T12:56:59.953Z"}
{"context":"RoutesResolver","level":"info","message":"NotificationsController {/api/v1/notifications}:","timestamp":"2026-06-20T12:56:59.953Z"}
{"context":"RouterExplorer","level":"info","message":"Mapped {/api/v1/notifications, GET} route","timestamp":"2026-06-20T12:56:59.953Z"}
{"context":"RouterExplorer","level":"info","message":"Mapped {/api/v1/notifications/unread-count, GET} route","timestamp":"2026-06-20T12:56:59.953Z"}
{"context":"RouterExplorer","level":"info","message":"Mapped {/api/v1/notifications/:id, GET} route","timestamp":"2026-06-20T12:56:59.953Z"}
{"context":"RouterExplorer","level":"info","message":"Mapped {/api/v1/notifications, POST} route","timestamp":"2026-06-20T12:56:59.953Z"}
{"context":"RouterExplorer","level":"info","message":"Mapped {/api/v1/notifications/:id/read, PATCH} route","timestamp":"2026-06-20T12:56:59.953Z"}
{"context":"RouterExplorer","level":"info","message":"Mapped {/api/v1/notifications/read-all, PATCH} route","timestamp":"2026-06-20T12:56:59.953Z"}
{"context":"RouterExplorer","level":"info","message":"Mapped {/api/v1/notifications/fcm-token, POST} route","timestamp":"2026-06-20T12:56:59.953Z"}
{"context":"RouterExplorer","level":"info","message":"Mapped {/api/v1/notifications/:id, DELETE} route","timestamp":"2026-06-20T12:56:59.953Z"}
{"context":"RoutesResolver","level":"info","message":"LoyaltyController {/api/v1/loyalty}:","timestamp":"2026-06-20T12:56:59.953Z"}
{"context":"RouterExplorer","level":"info","message":"Mapped {/api/v1/loyalty/points, GET} route","timestamp":"2026-06-20T12:56:59.953Z"}
{"context":"RouterExplorer","level":"info","message":"Mapped {/api/v1/loyalty/history, GET} route","timestamp":"2026-06-20T12:56:59.954Z"}
{"context":"RouterExplorer","level":"info","message":"Mapped {/api/v1/loyalty/leaderboard, GET} route","timestamp":"2026-06-20T12:56:59.954Z"}
{"context":"RouterExplorer","level":"info","message":"Mapped {/api/v1/loyalty/add, POST} route","timestamp":"2026-06-20T12:56:59.954Z"}
{"context":"RouterExplorer","level":"info","message":"Mapped {/api/v1/loyalty/redeem, POST} route","timestamp":"2026-06-20T12:56:59.954Z"}
{"context":"RoutesResolver","level":"info","message":"StorageController {/api/v1/storage}:","timestamp":"2026-06-20T12:56:59.954Z"}
{"context":"RouterExplorer","level":"info","message":"Mapped {/api/v1/storage/upload, POST} route","timestamp":"2026-06-20T12:56:59.954Z"}
{"context":"RoutesResolver","level":"info","message":"SettingsController {/api/v1/settings}:","timestamp":"2026-06-20T12:56:59.954Z"}
{"context":"RouterExplorer","level":"info","message":"Mapped {/api/v1/settings, GET} route","timestamp":"2026-06-20T12:56:59.954Z"}
{"context":"RouterExplorer","level":"info","message":"Mapped {/api/v1/settings, PATCH} route","timestamp":"2026-06-20T12:56:59.954Z"}
{"context":"NestApplication","level":"info","message":"Nest application successfully started","timestamp":"2026-06-20T12:56:59.959Z"}
{"context":"ExceptionFilter","level":"warn","message":"GET /api/v1/auth/profile [401] - Warning: {\"message\":\"Token invalide ou expiré\",\"error\":\"Unauthorized\",\"statusCode\":401}","timestamp":"2026-06-20T13:41:41.636Z"}
{"context":"HTTP","level":"info","message":"POST /api/v1/auth/login [200] +201ms","timestamp":"2026-06-20T13:42:20.627Z"}
{"context":"HTTP","level":"info","message":"GET /api/v1/orders? [200] +11ms","timestamp":"2026-06-20T13:42:21.584Z"}
{"context":"HTTP","level":"info","message":"GET /api/v1/notifications [200] +2ms","timestamp":"2026-06-20T13:42:21.592Z"}
{"context":"HTTP","level":"info","message":"GET /api/v1/dishes [200] +4ms","timestamp":"2026-06-20T13:42:21.602Z"}
{"context":"HTTP","level":"info","message":"GET /api/v1/dishes [200] +3ms","timestamp":"2026-06-20T13:42:21.608Z"}
{"context":"HTTP","level":"info","message":"GET /api/v1/dishes [200] +3ms","timestamp":"2026-06-20T13:42:21.612Z"}
{"context":"HTTP","level":"info","message":"GET /api/v1/orders? [200] +9ms","timestamp":"2026-06-20T13:42:21.615Z"}
{"context":"HTTP","level":"info","message":"GET /api/v1/orders? [200] +2ms","timestamp":"2026-06-20T13:42:21.615Z"}
{"context":"HTTP","level":"info","message":"GET /api/v1/users [200] +2ms","timestamp":"2026-06-20T13:42:21.621Z"}
{"context":"HTTP","level":"info","message":"GET /api/v1/notifications [200] +2ms","timestamp":"2026-06-20T13:42:21.624Z"}
{"context":"HTTP","level":"info","message":"GET /api/v1/dishes [200] +2ms","timestamp":"2026-06-20T13:42:21.625Z"}
{"context":"HTTP","level":"info","message":"GET /api/v1/users [200] +1ms","timestamp":"2026-06-20T13:42:21.628Z"}
{"context":"HTTP","level":"info","message":"GET /api/v1/orders? [200] +2ms","timestamp":"2026-06-20T13:42:21.631Z"}
{"context":"HTTP","level":"info","message":"GET /api/v1/orders?organisation_id=b0f44923-3897-4f11-923f-4e5659b897e2 [200] +1ms","timestamp":"2026-06-20T13:42:21.633Z"}
{"context":"HTTP","level":"info","message":"GET /api/v1/users?organisation_id=b0f44923-3897-4f11-923f-4e5659b897e2 [200] +1ms","timestamp":"2026-06-20T13:42:21.643Z"}
{"context":"HTTP","level":"info","message":"GET /api/v1/dishes [200] +1ms","timestamp":"2026-06-20T13:42:21.654Z"}
{"context":"HTTP","level":"info","message":"GET /api/v1/orders?organisation_id=b0f44923-3897-4f11-923f-4e5659b897e2 [200] +1ms","timestamp":"2026-06-20T13:42:21.666Z"}
{"context":"HTTP","level":"info","message":"GET /api/v1/orders?organisation_id=b0f44923-3897-4f11-923f-4e5659b897e2 [200] +2ms","timestamp":"2026-06-20T13:42:50.974Z"}
{"context":"HTTP","level":"info","message":"GET /api/v1/orders?organisation_id=b0f44923-3897-4f11-923f-4e5659b897e2 [200] +2ms","timestamp":"2026-06-20T13:43:20.985Z"}
{"context":"HTTP","level":"info","message":"GET /api/v1/organisations/b0f44923-3897-4f11-923f-4e5659b897e2 [200] +2ms","timestamp":"2026-06-20T13:43:41.426Z"}
{"context":"HTTP","level":"info","message":"GET /api/v1/users?organisation_id=b0f44923-3897-4f11-923f-4e5659b897e2 [200] +4ms","timestamp":"2026-06-20T13:43:41.426Z"}
{"context":"HTTP","level":"info","message":"GET /api/v1/organisations/b0f44923-3897-4f11-923f-4e5659b897e2 [200] +3ms","timestamp":"2026-06-20T13:43:41.427Z"}
{"context":"HTTP","level":"info","message":"GET /api/v1/users?organisation_id=b0f44923-3897-4f11-923f-4e5659b897e2 [200] +1ms","timestamp":"2026-06-20T13:43:41.430Z"}
{"context":"HTTP","level":"info","message":"GET /api/v1/organisations/b0f44923-3897-4f11-923f-4e5659b897e2 [200] +5ms","timestamp":"2026-06-20T13:43:43.374Z"}
{"context":"HTTP","level":"info","message":"GET /api/v1/enums [200] +6ms","timestamp":"2026-06-20T13:43:43.376Z"}
{"context":"HTTP","level":"info","message":"GET /api/v1/menus?organisation_id=b0f44923-3897-4f11-923f-4e5659b897e2 [200] +3ms","timestamp":"2026-06-20T13:43:43.382Z"}
{"context":"HTTP","level":"info","message":"GET /api/v1/menus?organisation_id=b0f44923-3897-4f11-923f-4e5659b897e2 [200] +4ms","timestamp":"2026-06-20T13:43:43.385Z"}
{"context":"HTTP","level":"info","message":"GET /api/v1/dishes [200] +2ms","timestamp":"2026-06-20T13:43:43.387Z"}
{"context":"HTTP","level":"info","message":"GET /api/v1/dishes [200] +1ms","timestamp":"2026-06-20T13:43:43.392Z"}
{"context":"HTTP","level":"info","message":"GET /api/v1/enums [200] +20ms","timestamp":"2026-06-20T13:43:43.392Z"}
{"context":"HTTP","level":"info","message":"GET /api/v1/organisations/b0f44923-3897-4f11-923f-4e5659b897e2 [200] +0ms","timestamp":"2026-06-20T13:43:43.395Z"}
{"context":"HTTP","level":"info","message":"POST /api/v1/menus [201] +15ms","timestamp":"2026-06-20T13:44:04.731Z"}
{"context":"HTTP","level":"info","message":"POST /api/v1/menus [201] +4ms","timestamp":"2026-06-20T13:44:04.751Z"}
{"context":"HTTP","level":"info","message":"POST /api/v1/menus [201] +4ms","timestamp":"2026-06-20T13:44:04.762Z"}
{"context":"HTTP","level":"info","message":"POST /api/v1/menus [201] +3ms","timestamp":"2026-06-20T13:44:04.771Z"}
{"context":"HTTP","level":"info","message":"GET /api/v1/menus?organisation_id=b0f44923-3897-4f11-923f-4e5659b897e2 [200] +4ms","timestamp":"2026-06-20T13:44:04.794Z"}
{"context":"HTTP","level":"info","message":"GET /api/v1/dishes [200] +2ms","timestamp":"2026-06-20T13:44:04.802Z"}
{"context":"HTTP","level":"info","message":"GET /api/v1/organisations/b0f44923-3897-4f11-923f-4e5659b897e2 [200] +2ms","timestamp":"2026-06-20T13:44:04.803Z"}
{"context":"ExceptionFilter","level":"warn","message":"POST /api/v1/auth/login [401] - Warning: {\"message\":\"Email ou mot de passe incorrect\",\"error\":\"Unauthorized\",\"statusCode\":401}","timestamp":"2026-06-20T13:44:19.752Z"}
{"context":"HTTP","level":"info","message":"POST /api/v1/auth/login [200] +198ms","timestamp":"2026-06-20T13:44:25.790Z"}
{"context":"HTTP","level":"info","message":"POST /api/v1/auth/login [200] +190ms","timestamp":"2026-06-20T13:44:31.700Z"}
{"context":"HTTP","level":"info","message":"GET /api/v1/menus?date=2026-06-20 [200] +4ms","timestamp":"2026-06-20T13:44:31.805Z"}
{"context":"HTTP","level":"info","message":"GET /api/v1/menus?date=2026-06-20 [200] +2ms","timestamp":"2026-06-20T13:44:31.827Z"}
{"context":"HTTP","level":"info","message":"GET /api/v1/menus?date=2026-06-20 [200] +4ms","timestamp":"2026-06-20T13:45:25.055Z"}
{"context":"HTTP","level":"info","message":"GET /api/v1/orders/my-orders [200] +4ms","timestamp":"2026-06-20T13:45:31.435Z"}
{"context":"HTTP","level":"info","message":"GET /api/v1/orders/my-orders [200] +2ms","timestamp":"2026-06-20T13:45:36.895Z"}
{"context":"HTTP","level":"info","message":"GET /api/v1/menus?date=2026-06-20 [200] +10ms","timestamp":"2026-06-20T13:45:41.344Z"}
{"context":"HTTP","level":"info","message":"GET /api/v1/menus?date=2026-06-20 [200] +7ms","timestamp":"2026-06-20T13:47:04.610Z"}
{"context":"HTTP","level":"info","message":"GET /api/v1/auth/profile [200] +14ms","timestamp":"2026-06-20T13:47:04.612Z"}
