{"context":"RoutesResolver","level":"info","message":"AppController {/api/v1}:","timestamp":"2026-06-12T16:44:54.080Z"}
{"context":"RouterExplorer","level":"info","message":"Mapped {/api/v1, GET} route","timestamp":"2026-06-12T16:44:54.081Z"}
{"context":"RouterExplorer","level":"info","message":"Mapped {/api/v1/enums, GET} route","timestamp":"2026-06-12T16:44:54.081Z"}
{"context":"RoutesResolver","level":"info","message":"AuthController {/api/v1/auth}:","timestamp":"2026-06-12T16:44:54.082Z"}
{"context":"RouterExplorer","level":"info","message":"Mapped {/api/v1/auth/login, POST} route","timestamp":"2026-06-12T16:44:54.082Z"}
{"context":"RouterExplorer","level":"info","message":"Mapped {/api/v1/auth/otp/request, POST} route","timestamp":"2026-06-12T16:44:54.082Z"}
{"context":"RouterExplorer","level":"info","message":"Mapped {/api/v1/auth/otp/verify, POST} route","timestamp":"2026-06-12T16:44:54.082Z"}
{"context":"RouterExplorer","level":"info","message":"Mapped {/api/v1/auth/password/set, POST} route","timestamp":"2026-06-12T16:44:54.083Z"}
{"context":"RouterExplorer","level":"info","message":"Mapped {/api/v1/auth/profile, GET} route","timestamp":"2026-06-12T16:44:54.083Z"}
{"context":"RoutesResolver","level":"info","message":"UsersController {/api/v1/users}:","timestamp":"2026-06-12T16:44:54.083Z"}
{"context":"RouterExplorer","level":"info","message":"Mapped {/api/v1/users, GET} route","timestamp":"2026-06-12T16:44:54.083Z"}
{"context":"RouterExplorer","level":"info","message":"Mapped {/api/v1/users, POST} route","timestamp":"2026-06-12T16:44:54.084Z"}
{"context":"RouterExplorer","level":"info","message":"Mapped {/api/v1/users/:id, GET} route","timestamp":"2026-06-12T16:44:54.084Z"}
{"context":"RouterExplorer","level":"info","message":"Mapped {/api/v1/users/:id, PATCH} route","timestamp":"2026-06-12T16:44:54.084Z"}
{"context":"RouterExplorer","level":"info","message":"Mapped {/api/v1/users/:id, DELETE} route","timestamp":"2026-06-12T16:44:54.084Z"}
{"context":"RoutesResolver","level":"info","message":"OrganisationsController {/api/v1/organisations}:","timestamp":"2026-06-12T16:44:54.084Z"}
{"context":"RouterExplorer","level":"info","message":"Mapped {/api/v1/organisations/public/:slug, GET} route","timestamp":"2026-06-12T16:44:54.084Z"}
{"context":"RouterExplorer","level":"info","message":"Mapped {/api/v1/organisations, GET} route","timestamp":"2026-06-12T16:44:54.084Z"}
{"context":"RouterExplorer","level":"info","message":"Mapped {/api/v1/organisations, POST} route","timestamp":"2026-06-12T16:44:54.085Z"}
{"context":"RouterExplorer","level":"info","message":"Mapped {/api/v1/organisations/:id, GET} route","timestamp":"2026-06-12T16:44:54.085Z"}
{"context":"RouterExplorer","level":"info","message":"Mapped {/api/v1/organisations/:id, PATCH} route","timestamp":"2026-06-12T16:44:54.085Z"}
{"context":"RouterExplorer","level":"info","message":"Mapped {/api/v1/organisations/:id, DELETE} route","timestamp":"2026-06-12T16:44:54.085Z"}
{"context":"RoutesResolver","level":"info","message":"DishesController {/api/v1/dishes}:","timestamp":"2026-06-12T16:44:54.085Z"}
{"context":"RouterExplorer","level":"info","message":"Mapped {/api/v1/dishes, GET} route","timestamp":"2026-06-12T16:44:54.085Z"}
{"context":"RouterExplorer","level":"info","message":"Mapped {/api/v1/dishes, POST} route","timestamp":"2026-06-12T16:44:54.085Z"}
{"context":"RouterExplorer","level":"info","message":"Mapped {/api/v1/dishes/:id, GET} route","timestamp":"2026-06-12T16:44:54.085Z"}
{"context":"RoutesResolver","level":"info","message":"MenusController {/api/v1/menus}:","timestamp":"2026-06-12T16:44:54.085Z"}
{"context":"RouterExplorer","level":"info","message":"Mapped {/api/v1/menus/public/:organisationId, GET} route","timestamp":"2026-06-12T16:44:54.085Z"}
{"context":"RouterExplorer","level":"info","message":"Mapped {/api/v1/menus/daily, GET} route","timestamp":"2026-06-12T16:44:54.086Z"}
{"context":"RouterExplorer","level":"info","message":"Mapped {/api/v1/menus, GET} route","timestamp":"2026-06-12T16:44:54.086Z"}
{"context":"RouterExplorer","level":"info","message":"Mapped {/api/v1/menus/:id, GET} route","timestamp":"2026-06-12T16:44:54.086Z"}
{"context":"RouterExplorer","level":"info","message":"Mapped {/api/v1/menus, POST} route","timestamp":"2026-06-12T16:44:54.086Z"}
{"context":"RouterExplorer","level":"info","message":"Mapped {/api/v1/menus/:id, PUT} route","timestamp":"2026-06-12T16:44:54.086Z"}
{"context":"RouterExplorer","level":"info","message":"Mapped {/api/v1/menus/:id/publish, PATCH} route","timestamp":"2026-06-12T16:44:54.086Z"}
{"context":"RouterExplorer","level":"info","message":"Mapped {/api/v1/menus/:id, DELETE} route","timestamp":"2026-06-12T16:44:54.086Z"}
{"context":"RoutesResolver","level":"info","message":"OrdersController {/api/v1/orders}:","timestamp":"2026-06-12T16:44:54.086Z"}
{"context":"RouterExplorer","level":"info","message":"Mapped {/api/v1/orders, GET} route","timestamp":"2026-06-12T16:44:54.086Z"}
{"context":"RouterExplorer","level":"info","message":"Mapped {/api/v1/orders/stats/:organisationId, GET} route","timestamp":"2026-06-12T16:44:54.086Z"}
{"context":"RouterExplorer","level":"info","message":"Mapped {/api/v1/orders/my-orders, GET} route","timestamp":"2026-06-12T16:44:54.086Z"}
{"context":"RouterExplorer","level":"info","message":"Mapped {/api/v1/orders/:id, GET} route","timestamp":"2026-06-12T16:44:54.086Z"}
{"context":"RouterExplorer","level":"info","message":"Mapped {/api/v1/orders, POST} route","timestamp":"2026-06-12T16:44:54.086Z"}
{"context":"RouterExplorer","level":"info","message":"Mapped {/api/v1/orders/guest, POST} route","timestamp":"2026-06-12T16:44:54.086Z"}
{"context":"RouterExplorer","level":"info","message":"Mapped {/api/v1/orders/:id/status, PATCH} route","timestamp":"2026-06-12T16:44:54.087Z"}
{"context":"RouterExplorer","level":"info","message":"Mapped {/api/v1/orders/:id/status, POST} route","timestamp":"2026-06-12T16:44:54.087Z"}
{"context":"RouterExplorer","level":"info","message":"Mapped {/api/v1/orders/retrieve, POST} route","timestamp":"2026-06-12T16:44:54.087Z"}
{"context":"RoutesResolver","level":"info","message":"PaymentsController {/api/v1/payments}:","timestamp":"2026-06-12T16:44:54.087Z"}
{"context":"RouterExplorer","level":"info","message":"Mapped {/api/v1/payments, GET} route","timestamp":"2026-06-12T16:44:54.087Z"}
{"context":"RouterExplorer","level":"info","message":"Mapped {/api/v1/payments/:id, GET} route","timestamp":"2026-06-12T16:44:54.087Z"}
{"context":"RouterExplorer","level":"info","message":"Mapped {/api/v1/payments, POST} route","timestamp":"2026-06-12T16:44:54.087Z"}
{"context":"RouterExplorer","level":"info","message":"Mapped {/api/v1/payments/webhook, POST} route","timestamp":"2026-06-12T16:44:54.087Z"}
{"context":"RouterExplorer","level":"info","message":"Mapped {/api/v1/payments/:id/refund, PATCH} route","timestamp":"2026-06-12T16:44:54.087Z"}
{"context":"RoutesResolver","level":"info","message":"WalletController {/api/v1/wallet}:","timestamp":"2026-06-12T16:44:54.088Z"}
{"context":"RouterExplorer","level":"info","message":"Mapped {/api/v1/wallet, GET} route","timestamp":"2026-06-12T16:44:54.088Z"}
{"context":"RouterExplorer","level":"info","message":"Mapped {/api/v1/wallet/credit, POST} route","timestamp":"2026-06-12T16:44:54.088Z"}
{"context":"RouterExplorer","level":"info","message":"Mapped {/api/v1/wallet/debit, POST} route","timestamp":"2026-06-12T16:44:54.088Z"}
{"context":"RouterExplorer","level":"info","message":"Mapped {/api/v1/wallet/transactions, GET} route","timestamp":"2026-06-12T16:44:54.088Z"}
{"context":"RoutesResolver","level":"info","message":"NotificationsController {/api/v1/notifications}:","timestamp":"2026-06-12T16:44:54.088Z"}
{"context":"RouterExplorer","level":"info","message":"Mapped {/api/v1/notifications, GET} route","timestamp":"2026-06-12T16:44:54.088Z"}
{"context":"RouterExplorer","level":"info","message":"Mapped {/api/v1/notifications/unread-count, GET} route","timestamp":"2026-06-12T16:44:54.089Z"}
{"context":"RouterExplorer","level":"info","message":"Mapped {/api/v1/notifications/:id, GET} route","timestamp":"2026-06-12T16:44:54.089Z"}
{"context":"RouterExplorer","level":"info","message":"Mapped {/api/v1/notifications, POST} route","timestamp":"2026-06-12T16:44:54.089Z"}
{"context":"RouterExplorer","level":"info","message":"Mapped {/api/v1/notifications/:id/read, PATCH} route","timestamp":"2026-06-12T16:44:54.089Z"}
{"context":"RouterExplorer","level":"info","message":"Mapped {/api/v1/notifications/read-all, PATCH} route","timestamp":"2026-06-12T16:44:54.089Z"}
{"context":"RouterExplorer","level":"info","message":"Mapped {/api/v1/notifications/fcm-token, POST} route","timestamp":"2026-06-12T16:44:54.089Z"}
{"context":"RouterExplorer","level":"info","message":"Mapped {/api/v1/notifications/:id, DELETE} route","timestamp":"2026-06-12T16:44:54.089Z"}
{"context":"RoutesResolver","level":"info","message":"LoyaltyController {/api/v1/loyalty}:","timestamp":"2026-06-12T16:44:54.089Z"}
{"context":"RouterExplorer","level":"info","message":"Mapped {/api/v1/loyalty/points, GET} route","timestamp":"2026-06-12T16:44:54.089Z"}
{"context":"RouterExplorer","level":"info","message":"Mapped {/api/v1/loyalty/history, GET} route","timestamp":"2026-06-12T16:44:54.089Z"}
{"context":"RouterExplorer","level":"info","message":"Mapped {/api/v1/loyalty/leaderboard, GET} route","timestamp":"2026-06-12T16:44:54.089Z"}
{"context":"RouterExplorer","level":"info","message":"Mapped {/api/v1/loyalty/add, POST} route","timestamp":"2026-06-12T16:44:54.089Z"}
{"context":"RouterExplorer","level":"info","message":"Mapped {/api/v1/loyalty/redeem, POST} route","timestamp":"2026-06-12T16:44:54.090Z"}
{"context":"RoutesResolver","level":"info","message":"StorageController {/api/v1/storage}:","timestamp":"2026-06-12T16:44:54.090Z"}
{"context":"RouterExplorer","level":"info","message":"Mapped {/api/v1/storage/upload, POST} route","timestamp":"2026-06-12T16:44:54.090Z"}
{"context":"RoutesResolver","level":"info","message":"SettingsController {/api/v1/settings}:","timestamp":"2026-06-12T16:44:54.090Z"}
{"context":"RouterExplorer","level":"info","message":"Mapped {/api/v1/settings, GET} route","timestamp":"2026-06-12T16:44:54.090Z"}
{"context":"RouterExplorer","level":"info","message":"Mapped {/api/v1/settings, PATCH} route","timestamp":"2026-06-12T16:44:54.090Z"}
{"context":"NestApplication","level":"info","message":"Nest application successfully started","timestamp":"2026-06-12T16:44:54.096Z"}
{"context":"HTTP","level":"info","message":"POST /api/v1/auth/login [200] +178ms","timestamp":"2026-06-12T16:44:55.023Z"}
{"context":"ExceptionFilter","level":"warn","message":"POST /api/v1/auth/login [401] - Warning: {\"message\":\"Email ou mot de passe incorrect\",\"error\":\"Unauthorized\",\"statusCode\":401}","timestamp":"2026-06-12T16:45:03.444Z"}
{"context":"ExceptionFilter","level":"warn","message":"POST /api/v1/auth/login [401] - Warning: {\"message\":\"Email ou mot de passe incorrect\",\"error\":\"Unauthorized\",\"statusCode\":401}","timestamp":"2026-06-12T16:45:08.029Z"}
{"context":"ExceptionFilter","level":"warn","message":"POST /api/v1/auth/login [401] - Warning: {\"message\":\"Email ou mot de passe incorrect\",\"error\":\"Unauthorized\",\"statusCode\":401}","timestamp":"2026-06-12T16:45:11.113Z"}
{"context":"ExceptionFilter","level":"warn","message":"POST /api/v1/auth/login [401] - Warning: {\"message\":\"Email ou mot de passe incorrect\",\"error\":\"Unauthorized\",\"statusCode\":401}","timestamp":"2026-06-12T16:45:13.700Z"}
{"context":"ExceptionFilter","level":"warn","message":"POST /api/v1/auth/login [401] - Warning: {\"message\":\"Email ou mot de passe incorrect\",\"error\":\"Unauthorized\",\"statusCode\":401}","timestamp":"2026-06-12T16:45:17.573Z"}
